#
# A fatal error has been detected by the Java Runtime Environment:
#
#  SIGSEGV (0xb) at pc=0x0000000109832d20, pid=12004, tid=19203
#
# JRE version: Java(TM) SE Runtime Environment (8.0_40-b27) (build 1.8.0_40-b27)
# Java VM: Java HotSpot(TM) 64-Bit Server VM (25.40-b25 mixed mode bsd-amd64 compressed oops)
# Problematic frame:
# V  [libjvm.dylib+0x432d20]
#
# Failed to write core dump. Core dumps have been disabled. To enable core dumping, try "ulimit -c unlimited" before starting Java again
#
# If you would like to submit a bug report, please visit:
#   http://bugreport.java.com/bugreport/crash.jsp
#

---------------  T H R E A D  ---------------

Current thread (0x00007fc79982f000):  JavaThread "JDWP Transport Listener: dt_socket" daemon [_thread_in_vm, id=19203, stack(0x0000700002452000,0x0000700002552000)]

siginfo: si_signo: 11 (SIGSEGV), si_code: 0 (unknown), si_addr: 0x0000000000000000

Registers:
RAX=0x0000000000000001, RBX=0x0000700002551a8b, RCX=0x0000000109bfa190, RDX=0x0000700002551a8b
RSP=0x00007000025519d0, RBP=0x00007000025519e0, RSI=0x00007fc79982f000, RDI=0xf000000000000000
R8 =0x0000000000000000, R9 =0x00007fc797f53db0, R10=0x0000000000000001, R11=0x0000000000000001
R12=0x00007fc79982f000, R13=0xf000000000000000, R14=0xf000000000000000, R15=0x00007fc799002de0
RIP=0x0000000109832d20, EFLAGS=0x0000000000010286, ERR=0x0000000000000000
  TRAPNO=0x000000000000000d

Top of Stack: (sp=0x00007000025519d0)
0x00007000025519d0:   0000700002551a8b 0000700002551a8b
0x00007000025519e0:   0000700002551a40 000000010974311a
0x00007000025519f0:   00007fc79982f000 0000000000000000
0x0000700002551a00:   0000000000000000 0000000000000000
0x0000700002551a10:   00007fc79982f000 00007fc79982f000
0x0000700002551a20:   0000700002551a8b 0000700002551a90
0x0000700002551a30:   f000000000000000 0000000000000004
0x0000700002551a40:   0000700002551a60 00000001083d3780
0x0000700002551a50:   0000000000000001 0000700002551b08
0x0000700002551a60:   0000700002551ad0 00000001083b81f3
0x0000700002551a70:   0000700002551aa0 00007fc797f54ad0
0x0000700002551a80:   0000000600000032 0000000900551b08
0x0000700002551a90:   0000000000000000 0000000000000000
0x0000700002551aa0:   0000000000000000 0000700002551c90
0x0000700002551ab0:   00000001083dae7a 00007fc797d26e70
0x0000700002551ac0:   0000700002551b08 00000001083e6598
0x0000700002551ad0:   0000700002551ae0 00000001083b82ec
0x0000700002551ae0:   0000700002551d00 00000001083c1898
0x0000700002551af0:   00000e1600000013 00000000000f0200
0x0000700002551b00:   00007fc797d26de0 0000700002551c67
0x0000700002551b10:   00007fc70000001d 0000700002551b20
0x0000700002551b20:   00007fc70000010f 0000700002551b58
0x0000700002551b30:   0000000000000000 0000000000000000
0x0000700002551b40:   00000e160000000f 00007fc700009a80
0x0000700002551b50:   0000700002551b58 c77f000006000000
0x0000700002551b60:   1600000018b83199 615079654b746567
0x0000700002551b70:   654b6d6f72467269 000065726f745379
0x0000700002551b80:   76616a4c29281900 6972756365732f61
0x0000700002551b90:   615079654b2f7974 00000000003b7269
0x0000700002551ba0:   99c77f00000a0000 760600000020b831
0x0000700002551bb0:   0000007966697265 2f6176616a4c2840
0x0000700002551bc0:   7274532f676e616c 76616a4c3b676e69 

Instructions: (pc=0x0000000109832d20)
0x0000000109832d00:   40 48 48 85 c0 75 e0 30 c0 0f b6 c0 5d c3 31 c0
0x0000000109832d10:   5d c3 55 48 89 e5 53 48 83 ec 08 48 85 ff 74 24
0x0000000109832d20:   48 8b 1f 48 85 db 74 1c 48 83 fb 37 74 16 48 8b
0x0000000109832d30:   03 48 89 df ff 50 10 84 c0 b8 00 00 00 00 48 0f 

Register to memory mapping:

RAX=0x0000000000000001 is an unknown value
RBX=0x0000700002551a8b is pointing into the stack for thread: 0x00007fc79982f000
RCX=0x0000000109bfa190: UseMembar+0 in /Library/Java/JavaVirtualMachines/jdk1.8.0_40.jdk/Contents/Home/jre/lib/server/libjvm.dylib at 0x0000000109400000
RDX=0x0000700002551a8b is pointing into the stack for thread: 0x00007fc79982f000
RSP=0x00007000025519d0 is pointing into the stack for thread: 0x00007fc79982f000
RBP=0x00007000025519e0 is pointing into the stack for thread: 0x00007fc79982f000
RSI=0x00007fc79982f000 is a thread
RDI=0xf000000000000000 is an unknown value
R8 =0x0000000000000000 is an unknown value
R9 =0x00007fc797f53db0 is an unknown value
R10=0x0000000000000001 is an unknown value
R11=0x0000000000000001 is an unknown value
R12=0x00007fc79982f000 is a thread
R13=0xf000000000000000 is an unknown value
R14=0xf000000000000000 is an unknown value
R15=0x00007fc799002de0 is an unknown value


Stack: [0x0000700002452000,0x0000700002552000],  sp=0x00007000025519d0,  free space=1022k
Native frames: (J=compiled Java code, j=interpreted, Vv=VM code, C=native code)
V  [libjvm.dylib+0x432d20]
V  [libjvm.dylib+0x34311a]
C  [libjdwp.dylib+0x20780]  isMethodSynthetic+0x63
C  [libjdwp.dylib+0x51f3]  methods1+0x10b
C  [libjdwp.dylib+0x52ec]  methodsWithGeneric+0xe
C  [libjdwp.dylib+0xe898]  debugLoop_run+0x1ce
C  [libjdwp.dylib+0x1f6ba]  attachThread+0x4d
V  [libjvm.dylib+0x384060]
V  [libjvm.dylib+0x549acf]
V  [libjvm.dylib+0x54b1c0]
V  [libjvm.dylib+0x46ea8e]
C  [libsystem_pthread.dylib+0x39af]  _pthread_body+0xb4
C  [libsystem_pthread.dylib+0x38fb]  _pthread_body+0x0
C  [libsystem_pthread.dylib+0x3101]  thread_start+0xd
C  0x0000000000000000


---------------  P R O C E S S  ---------------

Java Threads: ( => current thread )
  0x00007fc79882e800 JavaThread "Service Thread" daemon [_thread_blocked, id=22787, stack(0x0000700002b67000,0x0000700002c67000)]
  0x00007fc79a82d000 JavaThread "C1 CompilerThread3" daemon [_thread_blocked, id=22275, stack(0x0000700002a64000,0x0000700002b64000)]
  0x00007fc79a82c000 JavaThread "C2 CompilerThread2" daemon [_thread_blocked, id=21763, stack(0x0000700002961000,0x0000700002a61000)]
  0x00007fc79a826800 JavaThread "C2 CompilerThread1" daemon [_thread_blocked, id=21251, stack(0x000070000285e000,0x000070000295e000)]
  0x00007fc79a829800 JavaThread "C2 CompilerThread0" daemon [_thread_blocked, id=20739, stack(0x000070000275b000,0x000070000285b000)]
  0x00007fc79b83f000 JavaThread "JDWP Command Reader" daemon [_thread_in_native, id=20227, stack(0x0000700002658000,0x0000700002758000)]
  0x00007fc79a000800 JavaThread "JDWP Event Helper Thread" daemon [_thread_blocked, id=19715, stack(0x0000700002555000,0x0000700002655000)]
=>0x00007fc79982f000 JavaThread "JDWP Transport Listener: dt_socket" daemon [_thread_in_vm, id=19203, stack(0x0000700002452000,0x0000700002552000)]
  0x00007fc79c016000 JavaThread "Signal Dispatcher" daemon [_thread_blocked, id=18691, stack(0x000070000234f000,0x000070000244f000)]
  0x00007fc799821000 JavaThread "Finalizer" daemon [_thread_blocked, id=14339, stack(0x00007000021c9000,0x00007000022c9000)]
  0x00007fc799820000 JavaThread "Reference Handler" daemon [_thread_blocked, id=13827, stack(0x00007000020c6000,0x00007000021c6000)]
  0x00007fc79a802800 JavaThread "main" [_thread_in_native, id=6915, stack(0x00007000016a8000,0x00007000017a8000)]

Other Threads:
  0x00007fc79a818800 VMThread [stack: 0x0000700001fc3000,0x00007000020c3000] [id=13315]
  0x00007fc79c017000 WatcherThread [stack: 0x0000700002c6a000,0x0000700002d6a000] [id=23299]

VM state:not at safepoint (normal execution)

VM Mutex/Monitor currently owned by a thread: None

Heap:
 PSYoungGen      total 76288K, used 19689K [0x000000076ab00000, 0x0000000770000000, 0x00000007c0000000)
  eden space 65536K, 30% used [0x000000076ab00000,0x000000076be3a518,0x000000076eb00000)
  from space 10752K, 0% used [0x000000076f580000,0x000000076f580000,0x0000000770000000)
  to   space 10752K, 0% used [0x000000076eb00000,0x000000076eb00000,0x000000076f580000)
 ParOldGen       total 175104K, used 0K [0x00000006c0000000, 0x00000006cab00000, 0x000000076ab00000)
  object space 175104K, 0% used [0x00000006c0000000,0x00000006c0000000,0x00000006cab00000)
 Metaspace       used 6877K, capacity 7048K, committed 7168K, reserved 1056768K
  class space    used 740K, capacity 761K, committed 768K, reserved 1048576K

Card table byte_map: [0x000000010a7f7000,0x000000010aff8000] byte_map_base: 0x00000001071f7000

Marking Bits: (ParMarkBitMap*) 0x0000000109cc27a0
 Begin Bits: [0x000000011f57e000, 0x000000012357e000)
 End Bits:   [0x000000012357e000, 0x000000012757e000)

Polling page: 0x00000001083b2000

CodeCache: size=245760Kb used=2980Kb max_used=2980Kb free=242779Kb
 bounds [0x000000011057e000, 0x000000011086e000, 0x000000011f57e000]
 total_blobs=1043 nmethods=752 adapters=213
 compilation: enabled

Compilation events (10 events):
Event: 11.468 Thread 0x00007fc79a826800 nmethod 751 0x0000000110858910 code [0x0000000110858a60, 0x0000000110858ad8]
Event: 11.469 Thread 0x00007fc79a82d000 nmethod 752 0x000000011085fb90 code [0x000000011085fe80, 0x0000000110861118]
Event: 11.469 Thread 0x00007fc79a82d000  748       3       java.util.HashSet::iterator (13 bytes)
Event: 11.469 Thread 0x00007fc79a82d000 nmethod 748 0x000000011085f610 code [0x000000011085f7a0, 0x000000011085fa78]
Event: 11.469 Thread 0x00007fc79a82d000  747       3       java.util.regex.Pattern$Node::study (21 bytes)
Event: 11.469 Thread 0x00007fc79a82d000 nmethod 747 0x000000011085f090 code [0x000000011085f200, 0x000000011085f488]
Event: 11.469 Thread 0x00007fc79a82d000  749       3       java.util.regex.Pattern::closure (477 bytes)
Event: 11.474 Thread 0x00007fc79a82d000 nmethod 749 0x0000000110861cd0 code [0x0000000110862320, 0x0000000110865fb8]
Event: 11.474 Thread 0x00007fc79a82d000  742       3       sun.security.jca.ProviderList::getProvider (22 bytes)
Event: 11.474 Thread 0x00007fc79a82d000 nmethod 742 0x0000000110868890 code [0x0000000110868a00, 0x0000000110868ca8]

GC Heap History (0 events):
No events

Deoptimization events (3 events):
Event: 0.188 Thread 0x00007fc79a802800 Uncommon trap: reason=unstable_if action=reinterpret pc=0x00000001106a684c method=java.lang.String.hashCode()I @ 14
Event: 11.355 Thread 0x00007fc79a802800 Uncommon trap: reason=unstable_if action=reinterpret pc=0x00000001106e4bd0 method=java.lang.CharacterDataLatin1.digit(II)I @ 82
Event: 11.449 Thread 0x00007fc79a802800 Uncommon trap: reason=unstable_if action=reinterpret pc=0x00000001107fe0d4 method=java.util.Arrays.equals([B[B)Z @ 12

Internal exceptions (10 events):
Event: 0.170 Thread 0x00007fc79a802800 Exception <a 'java/security/PrivilegedActionException'> (0x000000076abe8198) thrown at [/Users/java_re/workspace/8-2-build-macosx-x86_64/jdk8u40/3153/hotspot/src/share/vm/prims/jvm.cpp, line 1382]
Event: 0.170 Thread 0x00007fc79a802800 Exception <a 'java/security/PrivilegedActionException'> (0x000000076abe8350) thrown at [/Users/java_re/workspace/8-2-build-macosx-x86_64/jdk8u40/3153/hotspot/src/share/vm/prims/jvm.cpp, line 1382]
Event: 0.175 Thread 0x00007fc79a802800 Exception <a 'java/util/zip/ZipException'> (0x000000076abf9e30) thrown at [/Users/java_re/workspace/8-2-build-macosx-x86_64/jdk8u40/3153/hotspot/src/share/vm/prims/jni.cpp, line 709]
Event: 0.175 Thread 0x00007fc79a802800 Exception <a 'java/security/PrivilegedActionException'> (0x000000076abf9fe0) thrown at [/Users/java_re/workspace/8-2-build-macosx-x86_64/jdk8u40/3153/hotspot/src/share/vm/prims/jvm.cpp, line 1382]
Event: 0.175 Thread 0x00007fc79a802800 Exception <a 'java/security/PrivilegedActionException'> (0x000000076abfa198) thrown at [/Users/java_re/workspace/8-2-build-macosx-x86_64/jdk8u40/3153/hotspot/src/share/vm/prims/jvm.cpp, line 1382]
Event: 0.469 Thread 0x00007fc79a802800 Exception <a 'java/security/PrivilegedActionException'> (0x000000076b340cc8) thrown at [/Users/java_re/workspace/8-2-build-macosx-x86_64/jdk8u40/3153/hotspot/src/share/vm/prims/jvm.cpp, line 1382]
Event: 0.469 Thread 0x00007fc79a802800 Exception <a 'java/security/PrivilegedActionException'> (0x000000076b341010) thrown at [/Users/java_re/workspace/8-2-build-macosx-x86_64/jdk8u40/3153/hotspot/src/share/vm/prims/jvm.cpp, line 1382]
Event: 0.470 Thread 0x00007fc79a802800 Exception <a 'java/security/PrivilegedActionException'> (0x000000076b344390) thrown at [/Users/java_re/workspace/8-2-build-macosx-x86_64/jdk8u40/3153/hotspot/src/share/vm/prims/jvm.cpp, line 1382]
Event: 0.470 Thread 0x00007fc79a802800 Exception <a 'java/security/PrivilegedActionException'> (0x000000076b3446d8) thrown at [/Users/java_re/workspace/8-2-build-macosx-x86_64/jdk8u40/3153/hotspot/src/share/vm/prims/jvm.cpp, line 1382]
Event: 11.449 Thread 0x00007fc79a802800 Implicit null exception at 0x00000001107fdf38 to 0x00000001107fe0c1

Events (10 events):
Event: 11.469 loading class sun/security/ssl/OutputRecord
Event: 11.469 loading class sun/security/ssl/OutputRecord done
Event: 332.146 Executing VM operation: ChangeBreakpoints
Event: 332.146 Executing VM operation: ChangeBreakpoints done
Event: 332.149 Executing VM operation: ChangeBreakpoints
Event: 332.150 Executing VM operation: ChangeBreakpoints done
Event: 584.379 Executing VM operation: ChangeBreakpoints
Event: 584.379 Executing VM operation: ChangeBreakpoints done
Event: 584.384 Executing VM operation: RedefineClasses
Event: 584.389 Executing VM operation: RedefineClasses done


Dynamic libraries:
0x00000000271da000 	/System/Library/Frameworks/Cocoa.framework/Versions/A/Cocoa
0x00000000271da000 	/System/Library/Frameworks/Security.framework/Versions/A/Security
0x00000000271da000 	/System/Library/Frameworks/ApplicationServices.framework/Versions/A/ApplicationServices
0x00000000271da000 	/usr/lib/libz.1.dylib
0x00000000271da000 	/usr/lib/libSystem.B.dylib
0x00000000271da000 	/usr/lib/libobjc.A.dylib
0x00000000271da000 	/System/Library/Frameworks/CoreFoundation.framework/Versions/A/CoreFoundation
0x00000000271da000 	/System/Library/Frameworks/Foundation.framework/Versions/C/Foundation
0x00000000271da000 	/System/Library/Frameworks/AppKit.framework/Versions/C/AppKit
0x00000000271da000 	/System/Library/Frameworks/CoreData.framework/Versions/A/CoreData
0x00000000271da000 	/System/Library/PrivateFrameworks/RemoteViewServices.framework/Versions/A/RemoteViewServices
0x00000000271da000 	/System/Library/PrivateFrameworks/UIFoundation.framework/Versions/A/UIFoundation
0x00000000271da000 	/System/Library/PrivateFrameworks/DFRFoundation.framework/Versions/A/DFRFoundation
0x00000000271da000 	/usr/lib/libenergytrace.dylib
0x00000000271da000 	/System/Library/PrivateFrameworks/SkyLight.framework/Versions/A/SkyLight
0x00000000271da000 	/System/Library/Frameworks/CoreGraphics.framework/Versions/A/CoreGraphics
0x00000000271da000 	/usr/lib/libScreenReader.dylib
0x00000000271da000 	/System/Library/Frameworks/Accelerate.framework/Versions/A/Accelerate
0x00000000271da000 	/System/Library/Frameworks/IOSurface.framework/Versions/A/IOSurface
0x00000000271da000 	/System/Library/Frameworks/AudioToolbox.framework/Versions/A/AudioToolbox
0x00000000271da000 	/System/Library/Frameworks/AudioUnit.framework/Versions/A/AudioUnit
0x00000000271da000 	/System/Library/PrivateFrameworks/DataDetectorsCore.framework/Versions/A/DataDetectorsCore
0x00000000271da000 	/System/Library/PrivateFrameworks/DesktopServicesPriv.framework/Versions/A/DesktopServicesPriv
0x00000000271da000 	/System/Library/Frameworks/Carbon.framework/Versions/A/Frameworks/HIToolbox.framework/Versions/A/HIToolbox
0x00000000271da000 	/usr/lib/libicucore.A.dylib
0x00000000271da000 	/System/Library/Frameworks/QuartzCore.framework/Versions/A/QuartzCore
0x00000000271da000 	/System/Library/Frameworks/Carbon.framework/Versions/A/Frameworks/SpeechRecognition.framework/Versions/A/SpeechRecognition
0x00000000271da000 	/usr/lib/libauto.dylib
0x00000000271da000 	/usr/lib/libxml2.2.dylib
0x00000000271da000 	/System/Library/PrivateFrameworks/CoreUI.framework/Versions/A/CoreUI
0x00000000271da000 	/System/Library/Frameworks/CoreAudio.framework/Versions/A/CoreAudio
0x00000000271da000 	/System/Library/Frameworks/DiskArbitration.framework/Versions/A/DiskArbitration
0x00000000271da000 	/usr/lib/liblangid.dylib
0x00000000271da000 	/System/Library/PrivateFrameworks/MultitouchSupport.framework/Versions/A/MultitouchSupport
0x00000000271da000 	/System/Library/Frameworks/IOKit.framework/Versions/A/IOKit
0x00000000271da000 	/usr/lib/libDiagnosticMessagesClient.dylib
0x00000000271da000 	/System/Library/Frameworks/CoreServices.framework/Versions/A/CoreServices
0x00000000271da000 	/System/Library/PrivateFrameworks/PerformanceAnalysis.framework/Versions/A/PerformanceAnalysis
0x00000000271da000 	/System/Library/PrivateFrameworks/GenerationalStorage.framework/Versions/A/GenerationalStorage
0x00000000271da000 	/System/Library/Frameworks/OpenGL.framework/Versions/A/OpenGL
0x00000000271da000 	/System/Library/Frameworks/CoreImage.framework/Versions/A/CoreImage
0x00000000271da000 	/System/Library/Frameworks/CoreText.framework/Versions/A/CoreText
0x00000000271da000 	/System/Library/Frameworks/ImageIO.framework/Versions/A/ImageIO
0x00000000271da000 	/System/Library/PrivateFrameworks/Backup.framework/Versions/A/Backup
0x00000000271da000 	/usr/lib/libarchive.2.dylib
0x00000000271da000 	/System/Library/Frameworks/CFNetwork.framework/Versions/A/CFNetwork
0x00000000271da000 	/System/Library/Frameworks/SystemConfiguration.framework/Versions/A/SystemConfiguration
0x00000000271da000 	/usr/lib/libCRFSuite.dylib
0x00000000271da000 	/usr/lib/libc++.1.dylib
0x00000000271da000 	/usr/lib/libc++abi.dylib
0x00000000271da000 	/usr/lib/system/libcache.dylib
0x00000000271da000 	/usr/lib/system/libcommonCrypto.dylib
0x00000000271da000 	/usr/lib/system/libcompiler_rt.dylib
0x00000000271da000 	/usr/lib/system/libcopyfile.dylib
0x00000000271da000 	/usr/lib/system/libcorecrypto.dylib
0x00000000271da000 	/usr/lib/system/libdispatch.dylib
0x00000000271da000 	/usr/lib/system/libdyld.dylib
0x00000000271da000 	/usr/lib/system/libkeymgr.dylib
0x00000000271da000 	/usr/lib/system/liblaunch.dylib
0x00000000271da000 	/usr/lib/system/libmacho.dylib
0x00000000271da000 	/usr/lib/system/libquarantine.dylib
0x00000000271da000 	/usr/lib/system/libremovefile.dylib
0x00000000271da000 	/usr/lib/system/libsystem_asl.dylib
0x00000000271da000 	/usr/lib/system/libsystem_blocks.dylib
0x00000000271da000 	/usr/lib/system/libsystem_c.dylib
0x00000000271da000 	/usr/lib/system/libsystem_configuration.dylib
0x00000000271da000 	/usr/lib/system/libsystem_coreservices.dylib
0x00000000271da000 	/usr/lib/system/libsystem_coretls.dylib
0x00000000271da000 	/usr/lib/system/libsystem_dnssd.dylib
0x00000000271da000 	/usr/lib/system/libsystem_info.dylib
0x00000000271da000 	/usr/lib/system/libsystem_kernel.dylib
0x00000000271da000 	/usr/lib/system/libsystem_m.dylib
0x00000000271da000 	/usr/lib/system/libsystem_malloc.dylib
0x00000000271da000 	/usr/lib/system/libsystem_network.dylib
0x00000000271da000 	/usr/lib/system/libsystem_networkextension.dylib
0x00000000271da000 	/usr/lib/system/libsystem_notify.dylib
0x00000000271da000 	/usr/lib/system/libsystem_platform.dylib
0x00000000271da000 	/usr/lib/system/libsystem_pthread.dylib
0x00000000271da000 	/usr/lib/system/libsystem_sandbox.dylib
0x00000000271da000 	/usr/lib/system/libsystem_secinit.dylib
0x00000000271da000 	/usr/lib/system/libsystem_symptoms.dylib
0x00000000271da000 	/usr/lib/system/libsystem_trace.dylib
0x00000000271da000 	/usr/lib/system/libunwind.dylib
0x00000000271da000 	/usr/lib/system/libxpc.dylib
0x00000000271da000 	/usr/lib/libbsm.0.dylib
0x00000000271da000 	/usr/lib/system/libkxld.dylib
0x00000000271da000 	/usr/lib/libcoretls.dylib
0x00000000271da000 	/usr/lib/libcoretls_cfhelpers.dylib
0x00000000271da000 	/usr/lib/libOpenScriptingUtil.dylib
0x00000000271da000 	/usr/lib/libpam.2.dylib
0x00000000271da000 	/usr/lib/libsqlite3.dylib
0x00000000271da000 	/usr/lib/libxar.1.dylib
0x00000000271da000 	/usr/lib/libbz2.1.0.dylib
0x00000000271da000 	/usr/lib/liblzma.5.dylib
0x00000000271da000 	/usr/lib/libnetwork.dylib
0x00000000271da000 	/usr/lib/libpcap.A.dylib
0x00000000271da000 	/System/Library/Frameworks/CoreServices.framework/Versions/A/Frameworks/FSEvents.framework/Versions/A/FSEvents
0x00000000271da000 	/System/Library/Frameworks/CoreServices.framework/Versions/A/Frameworks/CarbonCore.framework/Versions/A/CarbonCore
0x00000000271da000 	/System/Library/Frameworks/CoreServices.framework/Versions/A/Frameworks/Metadata.framework/Versions/A/Metadata
0x00000000271da000 	/System/Library/Frameworks/CoreServices.framework/Versions/A/Frameworks/OSServices.framework/Versions/A/OSServices
0x00000000271da000 	/System/Library/Frameworks/CoreServices.framework/Versions/A/Frameworks/SearchKit.framework/Versions/A/SearchKit
0x00000000271da000 	/System/Library/Frameworks/CoreServices.framework/Versions/A/Frameworks/AE.framework/Versions/A/AE
0x00000000271da000 	/System/Library/Frameworks/CoreServices.framework/Versions/A/Frameworks/LaunchServices.framework/Versions/A/LaunchServices
0x00000000271da000 	/System/Library/Frameworks/CoreServices.framework/Versions/A/Frameworks/DictionaryServices.framework/Versions/A/DictionaryServices
0x00000000271da000 	/System/Library/Frameworks/CoreServices.framework/Versions/A/Frameworks/SharedFileList.framework/Versions/A/SharedFileList
0x00000000271da000 	/System/Library/Frameworks/NetFS.framework/Versions/A/NetFS
0x00000000271da000 	/System/Library/PrivateFrameworks/NetAuth.framework/Versions/A/NetAuth
0x00000000271da000 	/System/Library/PrivateFrameworks/login.framework/Versions/A/Frameworks/loginsupport.framework/Versions/A/loginsupport
0x00000000271da000 	/System/Library/PrivateFrameworks/TCC.framework/Versions/A/TCC
0x00000000271da000 	/usr/lib/libmecabra.dylib
0x00000000271da000 	/System/Library/Frameworks/ApplicationServices.framework/Versions/A/Frameworks/ATS.framework/Versions/A/ATS
0x00000000271da000 	/System/Library/Frameworks/ApplicationServices.framework/Versions/A/Frameworks/ColorSync.framework/Versions/A/ColorSync
0x00000000271da000 	/System/Library/Frameworks/ApplicationServices.framework/Versions/A/Frameworks/HIServices.framework/Versions/A/HIServices
0x00000000271da000 	/System/Library/Frameworks/ApplicationServices.framework/Versions/A/Frameworks/LangAnalysis.framework/Versions/A/LangAnalysis
0x00000000271da000 	/System/Library/Frameworks/ApplicationServices.framework/Versions/A/Frameworks/PrintCore.framework/Versions/A/PrintCore
0x00000000271da000 	/System/Library/Frameworks/ApplicationServices.framework/Versions/A/Frameworks/QD.framework/Versions/A/QD
0x00000000271da000 	/System/Library/Frameworks/ApplicationServices.framework/Versions/A/Frameworks/SpeechSynthesis.framework/Versions/A/SpeechSynthesis
0x00000000271da000 	/System/Library/Frameworks/Accelerate.framework/Versions/A/Frameworks/vImage.framework/Versions/A/vImage
0x00000000271da000 	/System/Library/Frameworks/Accelerate.framework/Versions/A/Frameworks/vecLib.framework/Versions/A/vecLib
0x00000000271da000 	/System/Library/Frameworks/Accelerate.framework/Versions/A/Frameworks/vecLib.framework/Versions/A/libvDSP.dylib
0x00000000271da000 	/System/Library/Frameworks/Accelerate.framework/Versions/A/Frameworks/vecLib.framework/Versions/A/libBNNS.dylib
0x00000000271da000 	/System/Library/Frameworks/Accelerate.framework/Versions/A/Frameworks/vecLib.framework/Versions/A/libQuadrature.dylib
0x00000000271da000 	/System/Library/Frameworks/Accelerate.framework/Versions/A/Frameworks/vecLib.framework/Versions/A/libvMisc.dylib
0x00000000271da000 	/System/Library/Frameworks/Accelerate.framework/Versions/A/Frameworks/vecLib.framework/Versions/A/libLAPACK.dylib
0x00000000271da000 	/System/Library/Frameworks/Accelerate.framework/Versions/A/Frameworks/vecLib.framework/Versions/A/libBLAS.dylib
0x00000000271da000 	/System/Library/Frameworks/Accelerate.framework/Versions/A/Frameworks/vecLib.framework/Versions/A/libLinearAlgebra.dylib
0x00000000271da000 	/System/Library/Frameworks/Accelerate.framework/Versions/A/Frameworks/vecLib.framework/Versions/A/libSparseBLAS.dylib
0x00000000271da000 	/System/Library/Frameworks/ApplicationServices.framework/Versions/A/Frameworks/ATS.framework/Versions/A/Resources/libFontParser.dylib
0x00000000271da000 	/System/Library/Frameworks/ApplicationServices.framework/Versions/A/Frameworks/ATS.framework/Versions/A/Resources/libFontRegistry.dylib
0x00000000271da000 	/System/Library/Frameworks/ImageIO.framework/Versions/A/Resources/libJPEG.dylib
0x00000000271da000 	/System/Library/Frameworks/ImageIO.framework/Versions/A/Resources/libTIFF.dylib
0x00000000271da000 	/System/Library/Frameworks/ImageIO.framework/Versions/A/Resources/libPng.dylib
0x00000000271da000 	/System/Library/Frameworks/ImageIO.framework/Versions/A/Resources/libGIF.dylib
0x00000000271da000 	/System/Library/Frameworks/ImageIO.framework/Versions/A/Resources/libJP2.dylib
0x00000000271da000 	/System/Library/Frameworks/ImageIO.framework/Versions/A/Resources/libRadiance.dylib
0x00000000271da000 	/usr/lib/libcompression.dylib
0x00000000271da000 	/System/Library/PrivateFrameworks/AppleJPEG.framework/Versions/A/AppleJPEG
0x00000000271da000 	/usr/lib/libcups.2.dylib
0x00000000271da000 	/System/Library/Frameworks/Kerberos.framework/Versions/A/Kerberos
0x00000000271da000 	/System/Library/Frameworks/GSS.framework/Versions/A/GSS
0x00000000271da000 	/usr/lib/libresolv.9.dylib
0x00000000271da000 	/usr/lib/libiconv.2.dylib
0x00000000271da000 	/System/Library/PrivateFrameworks/Heimdal.framework/Versions/A/Heimdal
0x00000000271da000 	/usr/lib/libheimdal-asn1.dylib
0x00000000271da000 	/System/Library/Frameworks/OpenDirectory.framework/Versions/A/OpenDirectory
0x00000000271da000 	/System/Library/PrivateFrameworks/CommonAuth.framework/Versions/A/CommonAuth
0x00000000271da000 	/System/Library/Frameworks/OpenDirectory.framework/Versions/A/Frameworks/CFOpenDirectory.framework/Versions/A/CFOpenDirectory
0x00000000271da000 	/System/Library/Frameworks/SecurityFoundation.framework/Versions/A/SecurityFoundation
0x00000000271da000 	/System/Library/PrivateFrameworks/LanguageModeling.framework/Versions/A/LanguageModeling
0x00000000271da000 	/usr/lib/libmarisa.dylib
0x00000000271da000 	/usr/lib/libChineseTokenizer.dylib
0x00000000271da000 	/usr/lib/libcmph.dylib
0x00000000271da000 	/System/Library/PrivateFrameworks/CoreEmoji.framework/Versions/A/CoreEmoji
0x00000000271da000 	/System/Library/Frameworks/ServiceManagement.framework/Versions/A/ServiceManagement
0x00000000271da000 	/usr/lib/libxslt.1.dylib
0x00000000271da000 	/System/Library/Frameworks/Carbon.framework/Versions/A/Frameworks/Ink.framework/Versions/A/Ink
0x00000000271da000 	/System/Library/PrivateFrameworks/TextureIO.framework/Versions/A/TextureIO
0x00000000271da000 	/System/Library/Frameworks/Metal.framework/Versions/A/Metal
0x00000000271da000 	/usr/lib/libate.dylib
0x00000000271da000 	/System/Library/PrivateFrameworks/GPUCompiler.framework/libmetal_timestamp.dylib
0x00000000271da000 	/System/Library/Frameworks/OpenGL.framework/Versions/A/Libraries/libCoreFSCache.dylib
0x00000000271da000 	/System/Library/PrivateFrameworks/IOAccelerator.framework/Versions/A/IOAccelerator
0x00000000271da000 	/System/Library/Frameworks/CoreVideo.framework/Versions/A/CoreVideo
0x00000000271da000 	/usr/lib/libFosl_dynamic.dylib
0x00000000271da000 	/System/Library/PrivateFrameworks/MetalPerformanceShaders.framework/Versions/A/MetalPerformanceShaders
0x00000000271da000 	/System/Library/PrivateFrameworks/FaceCore.framework/Versions/A/FaceCore
0x00000000271da000 	/System/Library/Frameworks/OpenCL.framework/Versions/A/OpenCL
0x00000000271da000 	/System/Library/Frameworks/OpenGL.framework/Versions/A/Libraries/libGLU.dylib
0x00000000271da000 	/System/Library/Frameworks/OpenGL.framework/Versions/A/Libraries/libGFXShared.dylib
0x00000000271da000 	/System/Library/Frameworks/OpenGL.framework/Versions/A/Libraries/libGL.dylib
0x00000000271da000 	/System/Library/Frameworks/OpenGL.framework/Versions/A/Libraries/libGLImage.dylib
0x00000000271da000 	/System/Library/Frameworks/OpenGL.framework/Versions/A/Libraries/libCVMSPluginSupport.dylib
0x00000000271da000 	/System/Library/Frameworks/OpenGL.framework/Versions/A/Libraries/libCoreVMClient.dylib
0x00000000271da000 	/System/Library/PrivateFrameworks/CrashReporterSupport.framework/Versions/A/CrashReporterSupport
0x00000000271da000 	/System/Library/PrivateFrameworks/Sharing.framework/Versions/A/Sharing
0x00000000271da000 	/System/Library/PrivateFrameworks/IconServices.framework/Versions/A/IconServices
0x00000000271da000 	/System/Library/PrivateFrameworks/ProtocolBuffer.framework/Versions/A/ProtocolBuffer
0x00000000271da000 	/System/Library/PrivateFrameworks/Apple80211.framework/Versions/A/Apple80211
0x00000000271da000 	/System/Library/Frameworks/CoreWLAN.framework/Versions/A/CoreWLAN
0x00000000271da000 	/System/Library/PrivateFrameworks/CoreUtils.framework/Versions/A/CoreUtils
0x00000000271da000 	/System/Library/Frameworks/IOBluetooth.framework/Versions/A/IOBluetooth
0x00000000271da000 	/System/Library/PrivateFrameworks/CoreWiFi.framework/Versions/A/CoreWiFi
0x00000000271da000 	/System/Library/Frameworks/CoreBluetooth.framework/Versions/A/CoreBluetooth
0x00000000271da000 	/System/Library/Frameworks/CoreDisplay.framework/Versions/A/CoreDisplay
0x00000000271da000 	/System/Library/PrivateFrameworks/IOPresentment.framework/Versions/A/IOPresentment
0x00000000271da000 	/System/Library/PrivateFrameworks/DSExternalDisplay.framework/Versions/A/DSExternalDisplay
0x00000000271da000 	/System/Library/PrivateFrameworks/DebugSymbols.framework/Versions/A/DebugSymbols
0x00000000271da000 	/System/Library/PrivateFrameworks/CoreSymbolication.framework/Versions/A/CoreSymbolication
0x00000000271da000 	/System/Library/PrivateFrameworks/Symbolication.framework/Versions/A/Symbolication
0x00000000271da000 	/System/Library/PrivateFrameworks/AppleFSCompression.framework/Versions/A/AppleFSCompression
0x00000000271da000 	/System/Library/PrivateFrameworks/SpeechRecognitionCore.framework/Versions/A/SpeechRecognitionCore
0x00000000271da000 	/System/Library/PrivateFrameworks/ChunkingLibrary.framework/Versions/A/ChunkingLibrary
0x0000000109400000 	/Library/Java/JavaVirtualMachines/jdk1.8.0_40.jdk/Contents/Home/jre/lib/server/libjvm.dylib
0x000000010a369000 	/usr/lib/libstdc++.6.dylib
0x000000010836f000 	/Library/Java/JavaVirtualMachines/jdk1.8.0_40.jdk/Contents/Home/jre/lib/libverify.dylib
0x000000010837d000 	/Library/Java/JavaVirtualMachines/jdk1.8.0_40.jdk/Contents/Home/jre/lib/libjava.dylib
0x00000001083b3000 	/Library/Java/JavaVirtualMachines/jdk1.8.0_40.jdk/Contents/Home/jre/lib/libjdwp.dylib
0x000000010a422000 	/Library/Java/JavaVirtualMachines/jdk1.8.0_40.jdk/Contents/Home/jre/lib/libnpt.dylib
0x000000010a42e000 	/Library/Java/JavaVirtualMachines/jdk1.8.0_40.jdk/Contents/Home/jre/lib/libzip.dylib
0x000000010e4ec000 	/System/Library/Frameworks/JavaVM.framework/Frameworks/JavaRuntimeSupport.framework/JavaRuntimeSupport
0x000000010e506000 	/System/Library/Frameworks/JavaVM.framework/Versions/A/Frameworks/JavaNativeFoundation.framework/Versions/A/JavaNativeFoundation
0x000000010e51b000 	/System/Library/Frameworks/JavaVM.framework/Versions/A/JavaVM
0x00000000271da000 	/System/Library/Frameworks/Carbon.framework/Versions/A/Carbon
0x000000010e528000 	/System/Library/PrivateFrameworks/JavaLaunching.framework/Versions/A/JavaLaunching
0x00000000271da000 	/System/Library/Frameworks/Carbon.framework/Versions/A/Frameworks/CommonPanels.framework/Versions/A/CommonPanels
0x00000000271da000 	/System/Library/Frameworks/Carbon.framework/Versions/A/Frameworks/Help.framework/Versions/A/Help
0x00000000271da000 	/System/Library/Frameworks/Carbon.framework/Versions/A/Frameworks/ImageCapture.framework/Versions/A/ImageCapture
0x00000000271da000 	/System/Library/Frameworks/Carbon.framework/Versions/A/Frameworks/OpenScripting.framework/Versions/A/OpenScripting
0x00000000271da000 	/System/Library/Frameworks/Carbon.framework/Versions/A/Frameworks/Print.framework/Versions/A/Print
0x00000000271da000 	/System/Library/Frameworks/Carbon.framework/Versions/A/Frameworks/SecurityHI.framework/Versions/A/SecurityHI
0x000000010e574000 	/Library/Java/JavaVirtualMachines/jdk1.8.0_40.jdk/Contents/Home/jre/lib/libdt_socket.dylib
0x000000010ff9b000 	/Library/Java/JavaVirtualMachines/jdk1.8.0_40.jdk/Contents/Home/jre/lib/libsunec.dylib
0x0000000110189000 	/Library/Java/JavaVirtualMachines/jdk1.8.0_40.jdk/Contents/Home/jre/lib/libnet.dylib

VM Arguments:
jvm_args: -agentlib:jdwp=transport=dt_socket,address=127.0.0.1:49587,suspend=y,server=n -Dfile.encoding=UTF-8 
java_command: com.company.Main
java_class_path (initial): /Library/Java/JavaVirtualMachines/jdk1.8.0_40.jdk/Contents/Home/lib/ant-javafx.jar:/Library/Java/JavaVirtualMachines/jdk1.8.0_40.jdk/Contents/Home/lib/dt.jar:/Library/Java/JavaVirtualMachines/jdk1.8.0_40.jdk/Contents/Home/lib/javafx-mx.jar:/Library/Java/JavaVirtualMachines/jdk1.8.0_40.jdk/Contents/Home/lib/jconsole.jar:/Library/Java/JavaVirtualMachines/jdk1.8.0_40.jdk/Contents/Home/lib/packager.jar:/Library/Java/JavaVirtualMachines/jdk1.8.0_40.jdk/Contents/Home/lib/sa-jdi.jar:/Library/Java/JavaVirtualMachines/jdk1.8.0_40.jdk/Contents/Home/lib/tools.jar:/Library/Java/JavaVirtualMachines/jdk1.8.0_40.jdk/Contents/Home/jre/lib/charsets.jar:/Library/Java/JavaVirtualMachines/jdk1.8.0_40.jdk/Contents/Home/jre/lib/deploy.jar:/Library/Java/JavaVirtualMachines/jdk1.8.0_40.jdk/Contents/Home/jre/lib/javaws.jar:/Library/Java/JavaVirtualMachines/jdk1.8.0_40.jdk/Contents/Home/jre/lib/jce.jar:/Library/Java/JavaVirtualMachines/jdk1.8.0_40.jdk/Contents/Home/jre/lib/jfr.jar:/Library/Java/JavaVirtualMachines/jdk1.8.0_40.jdk/Contents/Home/jre/lib/jfxswt.jar:/Library/Java/JavaVirtualMachines/jdk1.8.0_40.jdk/Contents/Home/jre/lib/jsse.jar:/Library/Java/JavaVirtualMachines/jdk1.8.0_40.jdk/Contents/Home/jre/lib/management-agent.jar:/Library/Java/JavaVirtualMachines/jdk1.8.0_40.jdk/Contents/Home/jre/lib/plugin.jar:/Library/Java/JavaVirtualMachines/jdk1.8.0_40.jdk/Contents/Home/jre/lib/resources.jar:/Library/Java/JavaVirtualMachines/jdk1.8.0_40.jdk/Contents/Home/jre/lib/rt.jar:/Library/Java/JavaVirtualMachines/jdk1.8.0_40.jdk/Contents/Home/jre/lib/ext/cldrdata.jar:/Library/Java/JavaVirtualMachines/jdk1.8.0_40.jdk/Contents/Home/jre/lib/ext/dnsns.jar:/Library/Java/JavaVirtualMachines/jdk1.8.0_40.jdk/Contents/Home/jre/lib/ext/jfxrt.jar:/Library/Java/JavaVirtualMachines/jdk1.8.0_40.jdk/Contents/Home/jre/lib/ext/localedata.jar:/Library/Java/JavaVirtualMachines/jdk1.8.0_40.jdk/Contents/Home/jre/lib/ext/nashorn.jar:/Library/Java/JavaVirtualMachines/jdk1.8.0_40.jdk/Conten
Launcher Type: SUN_STANDARD

Environment Variables:
PATH=/opt/local/bin:/opt/local/sbin://anaconda/bin:/usr/local/opt/openssl/bin:/Users/Nassim/anaconda/bin:/Library/PostgreSQL/9.6/bin:/usr/local/bin:/usr/bin:/bin:/usr/sbin:/sbin:/opt/X11/bin:/Library/TeX/texbin:/usr/local/bin
SHELL=/bin/bash
DISPLAY=/private/tmp/com.apple.launchd.bb0DkpvIU8/org.macosforge.xquartz:0

Signal Handlers:
SIGSEGV: [libjvm.dylib+0x58ef95], sa_mask[0]=11111111011111110111111111111111, sa_flags=SA_ONSTACK|SA_RESTART|SA_SIGINFO
SIGBUS: [libjvm.dylib+0x58ef95], sa_mask[0]=11111111011111110111111111111111, sa_flags=SA_RESTART|SA_SIGINFO
SIGFPE: [libjvm.dylib+0x46c118], sa_mask[0]=11111111011111110111111111111111, sa_flags=SA_RESTART|SA_SIGINFO
SIGPIPE: [libjvm.dylib+0x46c118], sa_mask[0]=11111111011111110111111111111111, sa_flags=SA_RESTART|SA_SIGINFO
SIGXFSZ: [libjvm.dylib+0x46c118], sa_mask[0]=11111111011111110111111111111111, sa_flags=SA_RESTART|SA_SIGINFO
SIGILL: [libjvm.dylib+0x46c118], sa_mask[0]=11111111011111110111111111111111, sa_flags=SA_RESTART|SA_SIGINFO
SIGUSR1: SIG_DFL, sa_mask[0]=00000000000000000000000000000000, sa_flags=none
SIGUSR2: [libjvm.dylib+0x46bc36], sa_mask[0]=00100000000000000000000000000000, sa_flags=SA_RESTART|SA_SIGINFO
SIGHUP: [libjvm.dylib+0x46a209], sa_mask[0]=11111111011111110111111111111111, sa_flags=SA_RESTART|SA_SIGINFO
SIGINT: [libjvm.dylib+0x46a209], sa_mask[0]=11111111011111110111111111111111, sa_flags=SA_RESTART|SA_SIGINFO
SIGTERM: [libjvm.dylib+0x46a209], sa_mask[0]=11111111011111110111111111111111, sa_flags=SA_RESTART|SA_SIGINFO
SIGQUIT: [libjvm.dylib+0x46a209], sa_mask[0]=11111111011111110111111111111111, sa_flags=SA_RESTART|SA_SIGINFO


---------------  S Y S T E M  ---------------

OS:Bsduname:Darwin 16.5.0 Darwin Kernel Version 16.5.0: Fri Mar  3 16:52:33 PST 2017; root:xnu-3789.51.2~3/RELEASE_X86_64 x86_64
rlimit: STACK 8192k, CORE 0k, NPROC 709, NOFILE 10240, AS infinity
load average:2.22 2.38 2.47

CPU:total 8 (4 cores per cpu, 2 threads per core) family 6 model 58 stepping 9, cmov, cx8, fxsr, mmx, sse, sse2, sse3, ssse3, sse4.1, sse4.2, popcnt, avx, aes, clmul, erms, ht, tsc, tscinvbit, tscinv

Memory: 4k page, physical 16777216k(167944k free)

/proc/meminfo:


vm_info: Java HotSpot(TM) 64-Bit Server VM (25.40-b25) for bsd-amd64 JRE (1.8.0_40-b27), built on Mar 13 2015 04:46:52 by "java_re" with gcc 4.2.1 (Based on Apple Inc. build 5658) (LLVM build 2336.11.00)

time: Sat Apr 15 19:20:37 2017
elapsed time: 584 seconds (0d 0h 9m 44s)

