This file contains any messages produced by compilers while
running configure, to aid debugging if configure makes a mistake.

It was created by globalplatform configure 6.0.0, which was
generated by GNU Autoconf 2.69.  Invocation command line was

  $ ./configure --no-create --no-recursion

## --------- ##
## Platform. ##
## --------- ##

hostname = Nassim-ubuntu
uname -m = x86_64
uname -r = 4.4.0-59-generic
uname -s = Linux
uname -v = #80-Ubuntu SMP Fri Jan 6 17:47:47 UTC 2017

/usr/bin/uname -p = unknown
/bin/uname -X     = unknown

/bin/arch              = unknown
/usr/bin/arch -k       = unknown
/usr/convex/getsysinfo = unknown
/usr/bin/hostinfo      = unknown
/bin/machine           = unknown
/usr/bin/oslevel       = unknown
/bin/universe          = unknown

PATH: /home/nversbra/anaconda2/bin
PATH: /usr/local/sbin
PATH: /usr/local/bin
PATH: /usr/sbin
PATH: /usr/bin
PATH: /sbin
PATH: /bin
PATH: /usr/games
PATH: /usr/local/games
PATH: /snap/bin


## ----------- ##
## Core tests. ##
## ----------- ##

configure:2413: checking for a BSD-compatible install
configure:2481: result: /usr/bin/install -c
configure:2492: checking whether build environment is sane
configure:2542: result: yes
configure:2683: checking for a thread-safe mkdir -p
configure:2722: result: /bin/mkdir -p
configure:2735: checking for gawk
configure:2751: found /usr/bin/gawk
configure:2762: result: gawk
configure:2773: checking whether make sets $(MAKE)
configure:2795: result: yes
configure:2929: checking for gcc
configure:2945: found /usr/bin/gcc
configure:2956: result: gcc
configure:3185: checking for C compiler version
configure:3194: gcc --version >&5
gcc (Ubuntu 5.4.0-6ubuntu1~16.04.4) 5.4.0 20160609
Copyright (C) 2015 Free Software Foundation, Inc.
This is free software; see the source for copying conditions.  There is NO
warranty; not even for MERCHANTABILITY or FITNESS FOR A PARTICULAR PURPOSE.

configure:3205: $? = 0
configure:3194: gcc -v >&5
Using built-in specs.
COLLECT_GCC=gcc
COLLECT_LTO_WRAPPER=/usr/lib/gcc/x86_64-linux-gnu/5/lto-wrapper
Target: x86_64-linux-gnu
Configured with: ../src/configure -v --with-pkgversion='Ubuntu 5.4.0-6ubuntu1~16.04.4' --with-bugurl=file:///usr/share/doc/gcc-5/README.Bugs --enable-languages=c,ada,c++,java,go,d,fortran,objc,obj-c++ --prefix=/usr --program-suffix=-5 --enable-shared --enable-linker-build-id --libexecdir=/usr/lib --without-included-gettext --enable-threads=posix --libdir=/usr/lib --enable-nls --with-sysroot=/ --enable-clocale=gnu --enable-libstdcxx-debug --enable-libstdcxx-time=yes --with-default-libstdcxx-abi=new --enable-gnu-unique-object --disable-vtable-verify --enable-libmpx --enable-plugin --with-system-zlib --disable-browser-plugin --enable-java-awt=gtk --enable-gtk-cairo --with-java-home=/usr/lib/jvm/java-1.5.0-gcj-5-amd64/jre --enable-java-home --with-jvm-root-dir=/usr/lib/jvm/java-1.5.0-gcj-5-amd64 --with-jvm-jar-dir=/usr/lib/jvm-exports/java-1.5.0-gcj-5-amd64 --with-arch-directory=amd64 --with-ecj-jar=/usr/share/java/eclipse-ecj.jar --enable-objc-gc --enable-multiarch --disable-werror --with-arch-32=i686 --with-abi=m64 --with-multilib-list=m32,m64,mx32 --enable-multilib --with-tune=generic --enable-checking=release --build=x86_64-linux-gnu --host=x86_64-linux-gnu --target=x86_64-linux-gnu
Thread model: posix
gcc version 5.4.0 20160609 (Ubuntu 5.4.0-6ubuntu1~16.04.4) 
configure:3205: $? = 0
configure:3194: gcc -V >&5
gcc: error: unrecognized command line option '-V'
gcc: fatal error: no input files
compilation terminated.
configure:3205: $? = 1
configure:3194: gcc -qversion >&5
gcc: error: unrecognized command line option '-qversion'
gcc: fatal error: no input files
compilation terminated.
configure:3205: $? = 1
configure:3225: checking whether the C compiler works
configure:3247: gcc    conftest.c  >&5
configure:3251: $? = 0
configure:3299: result: yes
configure:3302: checking for C compiler default output file name
configure:3304: result: a.out
configure:3310: checking for suffix of executables
configure:3317: gcc -o conftest    conftest.c  >&5
configure:3321: $? = 0
configure:3343: result: 
configure:3365: checking whether we are cross compiling
configure:3373: gcc -o conftest    conftest.c  >&5
configure:3377: $? = 0
configure:3384: ./conftest
configure:3388: $? = 0
configure:3403: result: no
configure:3408: checking for suffix of object files
configure:3430: gcc -c   conftest.c >&5
configure:3434: $? = 0
configure:3455: result: o
configure:3459: checking whether we are using the GNU C compiler
configure:3478: gcc -c   conftest.c >&5
configure:3478: $? = 0
configure:3487: result: yes
configure:3496: checking whether gcc accepts -g
configure:3516: gcc -c -g  conftest.c >&5
configure:3516: $? = 0
configure:3557: result: yes
configure:3574: checking for gcc option to accept ISO C89
configure:3637: gcc  -c -g -O2  conftest.c >&5
configure:3637: $? = 0
configure:3650: result: none needed
configure:3681: checking for style of include used by make
configure:3709: result: GNU
configure:3734: checking dependency style of gcc
configure:3844: result: gcc3
configure:3864: checking how to run the C preprocessor
configure:3895: gcc -E  conftest.c
configure:3895: $? = 0
configure:3909: gcc -E  conftest.c
conftest.c:11:28: fatal error: ac_nonexistent.h: No such file or directory
compilation terminated.
configure:3909: $? = 1
configure: failed program was:
| /* confdefs.h */
| #define PACKAGE_NAME "globalplatform"
| #define PACKAGE_TARNAME "globalplatform"
| #define PACKAGE_VERSION "6.0.0"
| #define PACKAGE_STRING "globalplatform 6.0.0"
| #define PACKAGE_BUGREPORT "k_o_@users.sourceforge.net"
| #define PACKAGE_URL ""
| #define PACKAGE "globalplatform"
| #define VERSION "6.0.0"
| /* end confdefs.h.  */
| #include <ac_nonexistent.h>
configure:3934: result: gcc -E
configure:3954: gcc -E  conftest.c
configure:3954: $? = 0
configure:3968: gcc -E  conftest.c
conftest.c:11:28: fatal error: ac_nonexistent.h: No such file or directory
compilation terminated.
configure:3968: $? = 1
configure: failed program was:
| /* confdefs.h */
| #define PACKAGE_NAME "globalplatform"
| #define PACKAGE_TARNAME "globalplatform"
| #define PACKAGE_VERSION "6.0.0"
| #define PACKAGE_STRING "globalplatform 6.0.0"
| #define PACKAGE_BUGREPORT "k_o_@users.sourceforge.net"
| #define PACKAGE_URL ""
| #define PACKAGE "globalplatform"
| #define VERSION "6.0.0"
| /* end confdefs.h.  */
| #include <ac_nonexistent.h>
configure:4003: checking build system type
configure:4017: result: x86_64-unknown-linux-gnu
configure:4037: checking host system type
configure:4050: result: x86_64-unknown-linux-gnu
configure:4412: checking for a sed that does not truncate output
configure:4476: result: /bin/sed
configure:4494: checking for grep that handles long lines and -e
configure:4552: result: /bin/grep
configure:4557: checking for egrep
configure:4619: result: /bin/grep -E
configure:4624: checking for fgrep
configure:4686: result: /bin/grep -F
configure:4721: checking for ld used by gcc
configure:4788: result: /usr/bin/ld
configure:4795: checking if the linker (/usr/bin/ld) is GNU ld
configure:4810: result: yes
configure:4822: checking for BSD- or MS-compatible name lister (nm)
configure:4871: result: /usr/bin/nm -B
configure:4989: checking the name lister (/usr/bin/nm -B) interface
configure:4996: gcc -c -g -O2  conftest.c >&5
configure:4999: /usr/bin/nm -B "conftest.o"
configure:5002: output
0000000000000000 B some_variable
configure:5009: result: BSD nm
configure:5012: checking whether ln -s works
configure:5016: result: yes
configure:5024: checking the maximum length of command line arguments
configure:5144: result: 1572864
configure:5161: checking whether the shell understands some XSI constructs
configure:5171: result: yes
configure:5175: checking whether the shell understands "+="
configure:5181: result: yes
configure:5216: checking for /usr/bin/ld option to reload object files
configure:5223: result: -r
configure:5292: checking for objdump
configure:5308: found /usr/bin/objdump
configure:5319: result: objdump
configure:5348: checking how to recognize dependent libraries
configure:5544: result: pass_all
configure:5604: checking for ar
configure:5620: found /usr/bin/ar
configure:5631: result: ar
configure:5709: checking for strip
configure:5725: found /usr/bin/strip
configure:5736: result: strip
configure:5808: checking for ranlib
configure:5824: found /usr/bin/ranlib
configure:5835: result: ranlib
configure:5925: checking command to parse /usr/bin/nm -B output from gcc object
configure:6043: gcc -c -g -O2  conftest.c >&5
configure:6046: $? = 0
configure:6050: /usr/bin/nm -B conftest.o \| sed -n -e 's/^.*[	 ]\([ABCDGIRSTW][ABCDGIRSTW]*\)[	 ][	 ]*\([_A-Za-z][_A-Za-z0-9]*\)$/\1 \2 \2/p' \> conftest.nm
configure:6053: $? = 0
configure:6107: gcc -o conftest -g -O2   conftest.c conftstm.o >&5
configure:6110: $? = 0
configure:6148: result: ok
configure:6244: gcc -c -g -O2  conftest.c >&5
configure:6247: $? = 0
configure:6953: checking for ANSI C header files
configure:6973: gcc -c -g -O2  conftest.c >&5
configure:6973: $? = 0
configure:7046: gcc -o conftest -g -O2   conftest.c  >&5
configure:7046: $? = 0
configure:7046: ./conftest
configure:7046: $? = 0
configure:7057: result: yes
configure:7070: checking for sys/types.h
configure:7070: gcc -c -g -O2  conftest.c >&5
configure:7070: $? = 0
configure:7070: result: yes
configure:7070: checking for sys/stat.h
configure:7070: gcc -c -g -O2  conftest.c >&5
configure:7070: $? = 0
configure:7070: result: yes
configure:7070: checking for stdlib.h
configure:7070: gcc -c -g -O2  conftest.c >&5
configure:7070: $? = 0
configure:7070: result: yes
configure:7070: checking for string.h
configure:7070: gcc -c -g -O2  conftest.c >&5
configure:7070: $? = 0
configure:7070: result: yes
configure:7070: checking for memory.h
configure:7070: gcc -c -g -O2  conftest.c >&5
configure:7070: $? = 0
configure:7070: result: yes
configure:7070: checking for strings.h
configure:7070: gcc -c -g -O2  conftest.c >&5
configure:7070: $? = 0
configure:7070: result: yes
configure:7070: checking for inttypes.h
configure:7070: gcc -c -g -O2  conftest.c >&5
configure:7070: $? = 0
configure:7070: result: yes
configure:7070: checking for stdint.h
configure:7070: gcc -c -g -O2  conftest.c >&5
configure:7070: $? = 0
configure:7070: result: yes
configure:7070: checking for unistd.h
configure:7070: gcc -c -g -O2  conftest.c >&5
configure:7070: $? = 0
configure:7070: result: yes
configure:7084: checking for dlfcn.h
configure:7084: gcc -c -g -O2  conftest.c >&5
configure:7084: $? = 0
configure:7084: result: yes
configure:7266: checking for objdir
configure:7281: result: .libs
configure:7573: checking if gcc supports -fno-rtti -fno-exceptions
configure:7591: gcc -c -g -O2  -fno-rtti -fno-exceptions conftest.c >&5
cc1: warning: command line option '-fno-rtti' is valid for C++/ObjC++ but not for C
configure:7595: $? = 0
configure:7608: result: no
configure:7628: checking for gcc option to produce PIC
configure:7900: result: -fPIC -DPIC
configure:7912: checking if gcc PIC flag -fPIC -DPIC works
configure:7930: gcc -c -g -O2  -fPIC -DPIC -DPIC conftest.c >&5
configure:7934: $? = 0
configure:7947: result: yes
configure:7971: checking if gcc static flag -static works
configure:7999: result: yes
configure:8014: checking if gcc supports -c -o file.o
configure:8035: gcc -c -g -O2  -o out/conftest2.o conftest.c >&5
configure:8039: $? = 0
configure:8061: result: yes
configure:8069: checking if gcc supports -c -o file.o
configure:8116: result: yes
configure:8149: checking whether the gcc linker (/usr/bin/ld -m elf_x86_64) supports shared libraries
configure:9140: result: yes
configure:9177: checking whether -lc should be explicitly linked in
configure:9182: gcc -c -g -O2  conftest.c >&5
configure:9185: $? = 0
configure:9200: gcc -shared conftest.o  -v -Wl,-soname -Wl,conftest -o conftest 2\>\&1 \| /bin/grep  -lc  \>/dev/null 2\>\&1
configure:9203: $? = 0
configure:9215: result: no
configure:9379: checking dynamic linker characteristics
configure:9812: gcc -o conftest -g -O2   -Wl,-rpath -Wl,/foo conftest.c  >&5
configure:9812: $? = 0
configure:10042: result: GNU/Linux ld.so
configure:10144: checking how to hardcode library paths into programs
configure:10169: result: immediate
configure:10689: checking whether stripping libraries is possible
configure:10694: result: yes
configure:10729: checking if libtool supports shared libraries
configure:10731: result: yes
configure:10734: checking whether to build shared libraries
configure:10755: result: yes
configure:10758: checking whether to build static libraries
configure:10762: result: yes
configure:10798: checking whether gcc and cc understand -c and -o together
configure:10829: gcc -c conftest.c -o conftest2.o >&5
configure:10833: $? = 0
configure:10839: gcc -c conftest.c -o conftest2.o >&5
configure:10843: $? = 0
configure:10854: cc -c conftest.c >&5
configure:10858: $? = 0
configure:10866: cc -c conftest.c -o conftest2.o >&5
configure:10870: $? = 0
configure:10876: cc -c conftest.c -o conftest2.o >&5
configure:10880: $? = 0
configure:10898: result: yes
configure:10925: checking for ANSI C header files
configure:11029: result: yes
configure:11037: checking stdio.h usability
configure:11037: gcc -c -g -O2  conftest.c >&5
configure:11037: $? = 0
configure:11037: result: yes
configure:11037: checking stdio.h presence
configure:11037: gcc -E  conftest.c
configure:11037: $? = 0
configure:11037: result: yes
configure:11037: checking for stdio.h
configure:11037: result: yes
configure:11047: checking for stdlib.h
configure:11047: result: yes
configure:11057: checking for GNU libc compatible malloc
configure:11081: gcc -o conftest -g -O2   conftest.c  >&5
configure:11081: $? = 0
configure:11081: ./conftest
configure:11081: $? = 0
configure:11091: result: yes
configure:11114: checking for vprintf
configure:11114: gcc -o conftest -g -O2   conftest.c  >&5
conftest.c:49:6: warning: conflicting types for built-in function 'vprintf'
 char vprintf ();
      ^
configure:11114: $? = 0
configure:11114: result: yes
configure:11120: checking for _doprnt
configure:11120: gcc -o conftest -g -O2   conftest.c  >&5
/tmp/ccUzJuPc.o: In function `main':
/home/nversbra/SIC/globalplatform-6.0.0/conftest.c:61: undefined reference to `_doprnt'
collect2: error: ld returned 1 exit status
configure:11120: $? = 1
configure: failed program was:
| /* confdefs.h */
| #define PACKAGE_NAME "globalplatform"
| #define PACKAGE_TARNAME "globalplatform"
| #define PACKAGE_VERSION "6.0.0"
| #define PACKAGE_STRING "globalplatform 6.0.0"
| #define PACKAGE_BUGREPORT "k_o_@users.sourceforge.net"
| #define PACKAGE_URL ""
| #define PACKAGE "globalplatform"
| #define VERSION "6.0.0"
| #define STDC_HEADERS 1
| #define HAVE_SYS_TYPES_H 1
| #define HAVE_SYS_STAT_H 1
| #define HAVE_STDLIB_H 1
| #define HAVE_STRING_H 1
| #define HAVE_MEMORY_H 1
| #define HAVE_STRINGS_H 1
| #define HAVE_INTTYPES_H 1
| #define HAVE_STDINT_H 1
| #define HAVE_UNISTD_H 1
| #define HAVE_DLFCN_H 1
| #define LT_OBJDIR ".libs/"
| #define STDC_HEADERS 1
| #define HAVE_STDLIB_H 1
| #define HAVE_MALLOC 1
| #define HAVE_VPRINTF 1
| /* end confdefs.h.  */
| /* Define _doprnt to an innocuous variant, in case <limits.h> declares _doprnt.
|    For example, HP-UX 11i <limits.h> declares gettimeofday.  */
| #define _doprnt innocuous__doprnt
| 
| /* System header to define __stub macros and hopefully few prototypes,
|     which can conflict with char _doprnt (); below.
|     Prefer <limits.h> to <assert.h> if __STDC__ is defined, since
|     <limits.h> exists even on freestanding compilers.  */
| 
| #ifdef __STDC__
| # include <limits.h>
| #else
| # include <assert.h>
| #endif
| 
| #undef _doprnt
| 
| /* Override any GCC internal prototype to avoid an error.
|    Use char because int might match the return type of a GCC
|    builtin and then its argument prototype would still apply.  */
| #ifdef __cplusplus
| extern "C"
| #endif
| char _doprnt ();
| /* The GNU C library defines this for functions which it implements
|     to always fail with ENOSYS.  Some functions are actually named
|     something starting with __ and the normal name is an alias.  */
| #if defined __stub__doprnt || defined __stub____doprnt
| choke me
| #endif
| 
| int
| main ()
| {
| return _doprnt ();
|   ;
|   return 0;
| }
configure:11120: result: no
configure:11134: checking for memcpy
configure:11134: gcc -o conftest -g -O2   conftest.c  >&5
conftest.c:50:6: warning: conflicting types for built-in function 'memcpy'
 char memcpy ();
      ^
configure:11134: $? = 0
configure:11134: result: yes
configure:11134: checking for vsyslog
configure:11134: gcc -o conftest -g -O2   conftest.c  >&5
configure:11134: $? = 0
configure:11134: result: yes
configure:11146: checking CFLAGS for maximum warnings
configure:11173: gcc -c -g -O2 -pedantic  -Wall  conftest.c >&5
configure:11173: $? = 0
configure:11187: result: -Wall
configure:11200: : CFLAGS="$CFLAGS $ac_cv_cflags_warn_all"
configure:11203: $? = 0
configure:11301: checking for pkg-config
configure:11319: found /usr/bin/pkg-config
configure:11331: result: /usr/bin/pkg-config
configure:11356: checking pkg-config is at least version 0.9.0
configure:11359: result: yes
configure:11370: checking for PCSCLITE
configure:11378: $PKG_CONFIG --exists --print-errors "libpcsclite >= 1.2.9-beta7"
configure:11381: $? = 0
configure:11396: $PKG_CONFIG --exists --print-errors "libpcsclite >= 1.2.9-beta7"
configure:11399: $? = 0
configure:11449: result: yes
configure:11470: checking winscard.h usability
configure:11470: gcc -c -g -O2 -Wall -pthread -I/usr/include/PCSC  conftest.c >&5
configure:11470: $? = 0
configure:11470: result: yes
configure:11470: checking winscard.h presence
configure:11470: gcc -E  conftest.c
conftest.c:29:22: fatal error: winscard.h: No such file or directory
compilation terminated.
configure:11470: $? = 1
configure: failed program was:
| /* confdefs.h */
| #define PACKAGE_NAME "globalplatform"
| #define PACKAGE_TARNAME "globalplatform"
| #define PACKAGE_VERSION "6.0.0"
| #define PACKAGE_STRING "globalplatform 6.0.0"
| #define PACKAGE_BUGREPORT "k_o_@users.sourceforge.net"
| #define PACKAGE_URL ""
| #define PACKAGE "globalplatform"
| #define VERSION "6.0.0"
| #define STDC_HEADERS 1
| #define HAVE_SYS_TYPES_H 1
| #define HAVE_SYS_STAT_H 1
| #define HAVE_STDLIB_H 1
| #define HAVE_STRING_H 1
| #define HAVE_MEMORY_H 1
| #define HAVE_STRINGS_H 1
| #define HAVE_INTTYPES_H 1
| #define HAVE_STDINT_H 1
| #define HAVE_UNISTD_H 1
| #define HAVE_DLFCN_H 1
| #define LT_OBJDIR ".libs/"
| #define STDC_HEADERS 1
| #define HAVE_STDLIB_H 1
| #define HAVE_MALLOC 1
| #define HAVE_VPRINTF 1
| #define HAVE_MEMCPY 1
| #define HAVE_VSYSLOG 1
| /* end confdefs.h.  */
| #include <winscard.h>
configure:11470: result: no
configure:11470: WARNING: winscard.h: accepted by the compiler, rejected by the preprocessor!
configure:11470: WARNING: winscard.h: proceeding with the compiler's result
configure:11470: checking for winscard.h
configure:11470: result: yes
configure:11492: checking for SCardEstablishContext in -lpcsclite
configure:11517: gcc -o conftest -g -O2 -Wall   -lpcsclite conftest.c -lpcsclite   >&5
configure:11517: $? = 0
configure:11526: result: yes
configure:11552: checking zconf.h usability
configure:11552: gcc -c -g -O2 -Wall  conftest.c >&5
configure:11552: $? = 0
configure:11552: result: yes
configure:11552: checking zconf.h presence
configure:11552: gcc -E  conftest.c
configure:11552: $? = 0
configure:11552: result: yes
configure:11552: checking for zconf.h
configure:11552: result: yes
configure:11552: checking zlib.h usability
configure:11552: gcc -c -g -O2 -Wall  conftest.c >&5
configure:11552: $? = 0
configure:11552: result: yes
configure:11552: checking zlib.h presence
configure:11552: gcc -E  conftest.c
configure:11552: $? = 0
configure:11552: result: yes
configure:11552: checking for zlib.h
configure:11552: result: yes
configure:11566: checking for gzopen in -lz
configure:11591: gcc -o conftest -g -O2 -Wall   conftest.c -lz  -lpcsclite  >&5
configure:11591: $? = 0
configure:11600: result: yes
configure:11623: checking openssl/rand.h usability
configure:11623: gcc -c -g -O2 -Wall  conftest.c >&5
configure:11623: $? = 0
configure:11623: result: yes
configure:11623: checking openssl/rand.h presence
configure:11623: gcc -E  conftest.c
configure:11623: $? = 0
configure:11623: result: yes
configure:11623: checking for openssl/rand.h
configure:11623: result: yes
configure:11623: checking openssl/err.h usability
configure:11623: gcc -c -g -O2 -Wall  conftest.c >&5
configure:11623: $? = 0
configure:11623: result: yes
configure:11623: checking openssl/err.h presence
configure:11623: gcc -E  conftest.c
configure:11623: $? = 0
configure:11623: result: yes
configure:11623: checking for openssl/err.h
configure:11623: result: yes
configure:11623: checking openssl/evp.h usability
configure:11623: gcc -c -g -O2 -Wall  conftest.c >&5
configure:11623: $? = 0
configure:11623: result: yes
configure:11623: checking openssl/evp.h presence
configure:11623: gcc -E  conftest.c
configure:11623: $? = 0
configure:11623: result: yes
configure:11623: checking for openssl/evp.h
configure:11623: result: yes
configure:11623: checking openssl/pem.h usability
configure:11623: gcc -c -g -O2 -Wall  conftest.c >&5
configure:11623: $? = 0
configure:11623: result: yes
configure:11623: checking openssl/pem.h presence
configure:11623: gcc -E  conftest.c
configure:11623: $? = 0
configure:11623: result: yes
configure:11623: checking for openssl/pem.h
configure:11623: result: yes
configure:11637: checking for PEM_read_PrivateKey in -lcrypto
configure:11662: gcc -o conftest -g -O2 -Wall   conftest.c -lcrypto  -lz -lpcsclite  >&5
configure:11662: $? = 0
configure:11671: result: yes
configure:11695: result: enable debug     : false
configure:11866: creating ./config.status

## ---------------- ##
## Cache variables. ##
## ---------------- ##

ac_cv_build=x86_64-unknown-linux-gnu
ac_cv_c_compiler_gnu=yes
ac_cv_cflags_warn_all=-Wall
ac_cv_env_CC_set=
ac_cv_env_CC_value=
ac_cv_env_CFLAGS_set=
ac_cv_env_CFLAGS_value=
ac_cv_env_CPPFLAGS_set=
ac_cv_env_CPPFLAGS_value=
ac_cv_env_CPP_set=
ac_cv_env_CPP_value=
ac_cv_env_LDFLAGS_set=
ac_cv_env_LDFLAGS_value=
ac_cv_env_LIBS_set=
ac_cv_env_LIBS_value=
ac_cv_env_PCSCLITE_CFLAGS_set=
ac_cv_env_PCSCLITE_CFLAGS_value=
ac_cv_env_PCSCLITE_H_PATH_set=
ac_cv_env_PCSCLITE_H_PATH_value=
ac_cv_env_PCSCLITE_LIBS_set=
ac_cv_env_PCSCLITE_LIBS_value=
ac_cv_env_PKG_CONFIG_set=
ac_cv_env_PKG_CONFIG_value=
ac_cv_env_WINSCARD_LIB_PATH_set=
ac_cv_env_WINSCARD_LIB_PATH_value=
ac_cv_env_build_alias_set=
ac_cv_env_build_alias_value=
ac_cv_env_host_alias_set=
ac_cv_env_host_alias_value=
ac_cv_env_target_alias_set=
ac_cv_env_target_alias_value=
ac_cv_func__doprnt=no
ac_cv_func_malloc_0_nonnull=yes
ac_cv_func_memcpy=yes
ac_cv_func_vprintf=yes
ac_cv_func_vsyslog=yes
ac_cv_header_dlfcn_h=yes
ac_cv_header_inttypes_h=yes
ac_cv_header_memory_h=yes
ac_cv_header_openssl_err_h=yes
ac_cv_header_openssl_evp_h=yes
ac_cv_header_openssl_pem_h=yes
ac_cv_header_openssl_rand_h=yes
ac_cv_header_stdc=yes
ac_cv_header_stdint_h=yes
ac_cv_header_stdio_h=yes
ac_cv_header_stdlib_h=yes
ac_cv_header_string_h=yes
ac_cv_header_strings_h=yes
ac_cv_header_sys_stat_h=yes
ac_cv_header_sys_types_h=yes
ac_cv_header_unistd_h=yes
ac_cv_header_winscard_h=yes
ac_cv_header_zconf_h=yes
ac_cv_header_zlib_h=yes
ac_cv_host=x86_64-unknown-linux-gnu
ac_cv_lib_crypto_PEM_read_PrivateKey=yes
ac_cv_lib_pcsclite_SCardEstablishContext=yes
ac_cv_lib_z_gzopen=yes
ac_cv_objext=o
ac_cv_path_EGREP='/bin/grep -E'
ac_cv_path_FGREP='/bin/grep -F'
ac_cv_path_GREP=/bin/grep
ac_cv_path_SED=/bin/sed
ac_cv_path_ac_pt_PKG_CONFIG=/usr/bin/pkg-config
ac_cv_path_install='/usr/bin/install -c'
ac_cv_path_mkdir=/bin/mkdir
ac_cv_prog_AWK=gawk
ac_cv_prog_CPP='gcc -E'
ac_cv_prog_ac_ct_AR=ar
ac_cv_prog_ac_ct_CC=gcc
ac_cv_prog_ac_ct_OBJDUMP=objdump
ac_cv_prog_ac_ct_RANLIB=ranlib
ac_cv_prog_ac_ct_STRIP=strip
ac_cv_prog_cc_c89=
ac_cv_prog_cc_g=yes
ac_cv_prog_cc_gcc_c_o=yes
ac_cv_prog_make_make_set=yes
am_cv_CC_dependencies_compiler_type=gcc3
lt_cv_deplibs_check_method=pass_all
lt_cv_file_magic_cmd='$MAGIC_CMD'
lt_cv_file_magic_test_file=
lt_cv_ld_reload_flag=-r
lt_cv_nm_interface='BSD nm'
lt_cv_objdir=.libs
lt_cv_path_LD=/usr/bin/ld
lt_cv_path_NM='/usr/bin/nm -B'
lt_cv_prog_compiler_c_o=yes
lt_cv_prog_compiler_pic_works=yes
lt_cv_prog_compiler_rtti_exceptions=no
lt_cv_prog_compiler_static_works=yes
lt_cv_prog_gnu_ld=yes
lt_cv_sys_global_symbol_pipe='sed -n -e '\''s/^.*[	 ]\([ABCDGIRSTW][ABCDGIRSTW]*\)[	 ][	 ]*\([_A-Za-z][_A-Za-z0-9]*\)$/\1 \2 \2/p'\'''
lt_cv_sys_global_symbol_to_c_name_address='sed -n -e '\''s/^: \([^ ]*\) $/  {\"\1\", (void *) 0},/p'\'' -e '\''s/^[ABCDGIRSTW]* \([^ ]*\) \([^ ]*\)$/  {"\2", (void *) \&\2},/p'\'''
lt_cv_sys_global_symbol_to_c_name_address_lib_prefix='sed -n -e '\''s/^: \([^ ]*\) $/  {\"\1\", (void *) 0},/p'\'' -e '\''s/^[ABCDGIRSTW]* \([^ ]*\) \(lib[^ ]*\)$/  {"\2", (void *) \&\2},/p'\'' -e '\''s/^[ABCDGIRSTW]* \([^ ]*\) \([^ ]*\)$/  {"lib\2", (void *) \&\2},/p'\'''
lt_cv_sys_global_symbol_to_cdecl='sed -n -e '\''s/^T .* \(.*\)$/extern int \1();/p'\'' -e '\''s/^[ABCDGIRSTW]* .* \(.*\)$/extern char \1;/p'\'''
lt_cv_sys_max_cmd_len=1572864
pkg_cv_PCSCLITE_CFLAGS='-pthread -I/usr/include/PCSC'
pkg_cv_PCSCLITE_LIBS=-lpcsclite

## ----------------- ##
## Output variables. ##
## ----------------- ##

ACLOCAL='${SHELL} /home/nversbra/SIC/globalplatform-6.0.0/missing --run aclocal-1.11'
AMDEPBACKSLASH='\'
AMDEP_FALSE='#'
AMDEP_TRUE=''
AMTAR='${SHELL} /home/nversbra/SIC/globalplatform-6.0.0/missing --run tar'
AR='ar'
AS=''
AUTOCONF='${SHELL} /home/nversbra/SIC/globalplatform-6.0.0/missing --run autoconf'
AUTOHEADER='${SHELL} /home/nversbra/SIC/globalplatform-6.0.0/missing --run autoheader'
AUTOMAKE='${SHELL} /home/nversbra/SIC/globalplatform-6.0.0/missing --run automake-1.11'
AWK='gawk'
CC='gcc'
CCDEPMODE='depmode=gcc3'
CFLAGS='-g -O2 -Wall'
CPP='gcc -E'
CPPFLAGS=''
CYGPATH_W='echo'
DEFS='-DPACKAGE_NAME=\"globalplatform\" -DPACKAGE_TARNAME=\"globalplatform\" -DPACKAGE_VERSION=\"6.0.0\" -DPACKAGE_STRING=\"globalplatform\ 6.0.0\" -DPACKAGE_BUGREPORT=\"k_o_@users.sourceforge.net\" -DPACKAGE_URL=\"\" -DPACKAGE=\"globalplatform\" -DVERSION=\"6.0.0\" -DSTDC_HEADERS=1 -DHAVE_SYS_TYPES_H=1 -DHAVE_SYS_STAT_H=1 -DHAVE_STDLIB_H=1 -DHAVE_STRING_H=1 -DHAVE_MEMORY_H=1 -DHAVE_STRINGS_H=1 -DHAVE_INTTYPES_H=1 -DHAVE_STDINT_H=1 -DHAVE_UNISTD_H=1 -DHAVE_DLFCN_H=1 -DLT_OBJDIR=\".libs/\" -DSTDC_HEADERS=1 -DHAVE_STDLIB_H=1 -DHAVE_MALLOC=1 -DHAVE_VPRINTF=1 -DHAVE_MEMCPY=1 -DHAVE_VSYSLOG=1 -DHAVE_LIBPCSCLITE=1 -DHAVE_ZCONF_H=1 -DHAVE_ZLIB_H=1 -DHAVE_LIBZ=1 -DHAVE_OPENSSL_RAND_H=1 -DHAVE_OPENSSL_ERR_H=1 -DHAVE_OPENSSL_EVP_H=1 -DHAVE_OPENSSL_PEM_H=1 -DHAVE_LIBCRYPTO=1'
DEPDIR='.deps'
DLLTOOL=''
DSYMUTIL=''
DUMPBIN=''
ECHO_C=''
ECHO_N='-n'
ECHO_T=''
EGREP='/bin/grep -E'
EXEEXT=''
FGREP='/bin/grep -F'
GREP='/bin/grep'
INSTALL_DATA='${INSTALL} -m 644'
INSTALL_PROGRAM='${INSTALL}'
INSTALL_SCRIPT='${INSTALL}'
INSTALL_STRIP_PROGRAM='$(install_sh) -c -s'
LD='/usr/bin/ld -m elf_x86_64'
LDFLAGS='-ldl'
LIBOBJS=''
LIBS='-lcrypto -lz -lpcsclite '
LIBTOOL='$(SHELL) $(top_builddir)/libtool'
LIPO=''
LN_S='ln -s'
LTLIBOBJS=''
MAKEINFO='${SHELL} /home/nversbra/SIC/globalplatform-6.0.0/missing --run makeinfo'
MKDIR_P='/bin/mkdir -p'
NM='/usr/bin/nm -B'
NMEDIT=''
OBJDUMP='objdump'
OBJEXT='o'
OTOOL64=''
OTOOL=''
PACKAGE='globalplatform'
PACKAGE_BUGREPORT='k_o_@users.sourceforge.net'
PACKAGE_NAME='globalplatform'
PACKAGE_STRING='globalplatform 6.0.0'
PACKAGE_TARNAME='globalplatform'
PACKAGE_URL=''
PACKAGE_VERSION='6.0.0'
PATH_SEPARATOR=':'
PCSCLITE_CFLAGS='-pthread -I/usr/include/PCSC'
PCSCLITE_H_PATH=''
PCSCLITE_LIBS='-lpcsclite'
PKG_CONFIG='/usr/bin/pkg-config'
RANLIB='ranlib'
SED='/bin/sed'
SET_MAKE=''
SHELL='/bin/bash'
STRIP='strip'
VERSION='6.0.0'
WINSCARD_LIB_PATH=''
ac_ct_CC='gcc'
ac_ct_DUMPBIN=''
am__EXEEXT_FALSE=''
am__EXEEXT_TRUE='#'
am__fastdepCC_FALSE='#'
am__fastdepCC_TRUE=''
am__include='include'
am__isrc=''
am__leading_dot='.'
am__quote=''
am__tar='${AMTAR} chof - "$$tardir"'
am__untar='${AMTAR} xf -'
bindir='${exec_prefix}/bin'
build='x86_64-unknown-linux-gnu'
build_alias=''
build_cpu='x86_64'
build_os='linux-gnu'
build_vendor='unknown'
datadir='${datarootdir}'
datarootdir='${prefix}/share'
docdir='${datarootdir}/doc/${PACKAGE_TARNAME}'
dvidir='${docdir}'
exec_prefix='${prefix}'
host='x86_64-unknown-linux-gnu'
host_alias=''
host_cpu='x86_64'
host_os='linux-gnu'
host_vendor='unknown'
htmldir='${docdir}'
includedir='${prefix}/include'
infodir='${datarootdir}/info'
install_sh='${SHELL} /home/nversbra/SIC/globalplatform-6.0.0/install-sh'
libdir='${exec_prefix}/lib'
libexecdir='${exec_prefix}/libexec'
localedir='${datarootdir}/locale'
localstatedir='${prefix}/var'
lt_ECHO='echo'
mandir='${datarootdir}/man'
mkdir_p='/bin/mkdir -p'
oldincludedir='/usr/include'
pdfdir='${docdir}'
prefix='/usr/local'
program_transform_name='s,x,x,'
psdir='${docdir}'
runstatedir='${localstatedir}/run'
sbindir='${exec_prefix}/sbin'
sharedstatedir='${prefix}/com'
sysconfdir='${prefix}/etc'
target_alias=''

## ----------- ##
## confdefs.h. ##
## ----------- ##

/* confdefs.h */
#define PACKAGE_NAME "globalplatform"
#define PACKAGE_TARNAME "globalplatform"
#define PACKAGE_VERSION "6.0.0"
#define PACKAGE_STRING "globalplatform 6.0.0"
#define PACKAGE_BUGREPORT "k_o_@users.sourceforge.net"
#define PACKAGE_URL ""
#define PACKAGE "globalplatform"
#define VERSION "6.0.0"
#define STDC_HEADERS 1
#define HAVE_SYS_TYPES_H 1
#define HAVE_SYS_STAT_H 1
#define HAVE_STDLIB_H 1
#define HAVE_STRING_H 1
#define HAVE_MEMORY_H 1
#define HAVE_STRINGS_H 1
#define HAVE_INTTYPES_H 1
#define HAVE_STDINT_H 1
#define HAVE_UNISTD_H 1
#define HAVE_DLFCN_H 1
#define LT_OBJDIR ".libs/"
#define STDC_HEADERS 1
#define HAVE_STDLIB_H 1
#define HAVE_MALLOC 1
#define HAVE_VPRINTF 1
#define HAVE_MEMCPY 1
#define HAVE_VSYSLOG 1
#define HAVE_LIBPCSCLITE 1
#define HAVE_ZCONF_H 1
#define HAVE_ZLIB_H 1
#define HAVE_LIBZ 1
#define HAVE_OPENSSL_RAND_H 1
#define HAVE_OPENSSL_ERR_H 1
#define HAVE_OPENSSL_EVP_H 1
#define HAVE_OPENSSL_PEM_H 1
#define HAVE_LIBCRYPTO 1

configure: exit 0

## ---------------------- ##
## Running config.status. ##
## ---------------------- ##

This file was extended by globalplatform config.status 6.0.0, which was
generated by GNU Autoconf 2.69.  Invocation command line was

  CONFIG_FILES    = 
  CONFIG_HEADERS  = 
  CONFIG_LINKS    = 
  CONFIG_COMMANDS = 
  $ ./config.status 

on Nassim-ubuntu

config.status:996: creating Makefile
config.status:996: creating src/Makefile
config.status:996: creating src/globalplatform.pc
config.status:1168: executing depfiles commands
config.status:1168: executing libtool commands
