This file contains any messages produced by compilers while
running configure, to aid debugging if configure makes a mistake.

It was created by GPShell configure 1.4.4, which was
generated by GNU Autoconf 2.69.  Invocation command line was

  $ ./configure --no-create --no-recursion

## --------- ##
## Platform. ##
## --------- ##

hostname = Nassim-ubuntu
uname -m = x86_64
uname -r = 4.4.0-59-generic
uname -s = Linux
uname -v = #80-Ubuntu SMP Fri Jan 6 17:47:47 UTC 2017

/usr/bin/uname -p = unknown
/bin/uname -X     = unknown

/bin/arch              = unknown
/usr/bin/arch -k       = unknown
/usr/convex/getsysinfo = unknown
/usr/bin/hostinfo      = unknown
/bin/machine           = unknown
/usr/bin/oslevel       = unknown
/bin/universe          = unknown

PATH: /home/nversbra/anaconda2/bin
PATH: /usr/local/sbin
PATH: /usr/local/bin
PATH: /usr/sbin
PATH: /usr/bin
PATH: /sbin
PATH: /bin
PATH: /usr/games
PATH: /usr/local/games
PATH: /snap/bin


## ----------- ##
## Core tests. ##
## ----------- ##

configure:2232: checking build system type
configure:2246: result: x86_64-unknown-linux-gnu
configure:2266: checking host system type
configure:2279: result: x86_64-unknown-linux-gnu
configure:2316: checking for a BSD-compatible install
configure:2384: result: /usr/bin/install -c
configure:2395: checking whether build environment is sane
configure:2445: result: yes
configure:2586: checking for a thread-safe mkdir -p
configure:2625: result: /bin/mkdir -p
configure:2638: checking for gawk
configure:2654: found /usr/bin/gawk
configure:2665: result: gawk
configure:2676: checking whether make sets $(MAKE)
configure:2698: result: yes
configure:2828: checking for gcc
configure:2844: found /usr/bin/gcc
configure:2855: result: gcc
configure:3084: checking for C compiler version
configure:3093: gcc --version >&5
gcc (Ubuntu 5.4.0-6ubuntu1~16.04.4) 5.4.0 20160609
Copyright (C) 2015 Free Software Foundation, Inc.
This is free software; see the source for copying conditions.  There is NO
warranty; not even for MERCHANTABILITY or FITNESS FOR A PARTICULAR PURPOSE.

configure:3104: $? = 0
configure:3093: gcc -v >&5
Using built-in specs.
COLLECT_GCC=gcc
COLLECT_LTO_WRAPPER=/usr/lib/gcc/x86_64-linux-gnu/5/lto-wrapper
Target: x86_64-linux-gnu
Configured with: ../src/configure -v --with-pkgversion='Ubuntu 5.4.0-6ubuntu1~16.04.4' --with-bugurl=file:///usr/share/doc/gcc-5/README.Bugs --enable-languages=c,ada,c++,java,go,d,fortran,objc,obj-c++ --prefix=/usr --program-suffix=-5 --enable-shared --enable-linker-build-id --libexecdir=/usr/lib --without-included-gettext --enable-threads=posix --libdir=/usr/lib --enable-nls --with-sysroot=/ --enable-clocale=gnu --enable-libstdcxx-debug --enable-libstdcxx-time=yes --with-default-libstdcxx-abi=new --enable-gnu-unique-object --disable-vtable-verify --enable-libmpx --enable-plugin --with-system-zlib --disable-browser-plugin --enable-java-awt=gtk --enable-gtk-cairo --with-java-home=/usr/lib/jvm/java-1.5.0-gcj-5-amd64/jre --enable-java-home --with-jvm-root-dir=/usr/lib/jvm/java-1.5.0-gcj-5-amd64 --with-jvm-jar-dir=/usr/lib/jvm-exports/java-1.5.0-gcj-5-amd64 --with-arch-directory=amd64 --with-ecj-jar=/usr/share/java/eclipse-ecj.jar --enable-objc-gc --enable-multiarch --disable-werror --with-arch-32=i686 --with-abi=m64 --with-multilib-list=m32,m64,mx32 --enable-multilib --with-tune=generic --enable-checking=release --build=x86_64-linux-gnu --host=x86_64-linux-gnu --target=x86_64-linux-gnu
Thread model: posix
gcc version 5.4.0 20160609 (Ubuntu 5.4.0-6ubuntu1~16.04.4) 
configure:3104: $? = 0
configure:3093: gcc -V >&5
gcc: error: unrecognized command line option '-V'
gcc: fatal error: no input files
compilation terminated.
configure:3104: $? = 1
configure:3093: gcc -qversion >&5
gcc: error: unrecognized command line option '-qversion'
gcc: fatal error: no input files
compilation terminated.
configure:3104: $? = 1
configure:3124: checking whether the C compiler works
configure:3146: gcc    conftest.c  >&5
configure:3150: $? = 0
configure:3198: result: yes
configure:3201: checking for C compiler default output file name
configure:3203: result: a.out
configure:3209: checking for suffix of executables
configure:3216: gcc -o conftest    conftest.c  >&5
configure:3220: $? = 0
configure:3242: result: 
configure:3264: checking whether we are cross compiling
configure:3272: gcc -o conftest    conftest.c  >&5
configure:3276: $? = 0
configure:3283: ./conftest
configure:3287: $? = 0
configure:3302: result: no
configure:3307: checking for suffix of object files
configure:3329: gcc -c   conftest.c >&5
configure:3333: $? = 0
configure:3354: result: o
configure:3358: checking whether we are using the GNU C compiler
configure:3377: gcc -c   conftest.c >&5
configure:3377: $? = 0
configure:3386: result: yes
configure:3395: checking whether gcc accepts -g
configure:3415: gcc -c -g  conftest.c >&5
configure:3415: $? = 0
configure:3456: result: yes
configure:3473: checking for gcc option to accept ISO C89
configure:3536: gcc  -c -g -O2  conftest.c >&5
configure:3536: $? = 0
configure:3549: result: none needed
configure:3580: checking for style of include used by make
configure:3608: result: GNU
configure:3633: checking dependency style of gcc
configure:3743: result: gcc3
configure:3763: checking how to run the C preprocessor
configure:3794: gcc -E  conftest.c
configure:3794: $? = 0
configure:3808: gcc -E  conftest.c
conftest.c:11:28: fatal error: ac_nonexistent.h: No such file or directory
compilation terminated.
configure:3808: $? = 1
configure: failed program was:
| /* confdefs.h */
| #define PACKAGE_NAME "GPShell"
| #define PACKAGE_TARNAME "gpshell"
| #define PACKAGE_VERSION "1.4.4"
| #define PACKAGE_STRING "GPShell 1.4.4"
| #define PACKAGE_BUGREPORT "Karsten Ohme <k_o_@users.sourceforge.net> or snitmo@gmail.com"
| #define PACKAGE_URL ""
| #define PACKAGE "gpshell"
| #define VERSION "1.4.4"
| /* end confdefs.h.  */
| #include <ac_nonexistent.h>
configure:3833: result: gcc -E
configure:3853: gcc -E  conftest.c
configure:3853: $? = 0
configure:3867: gcc -E  conftest.c
conftest.c:11:28: fatal error: ac_nonexistent.h: No such file or directory
compilation terminated.
configure:3867: $? = 1
configure: failed program was:
| /* confdefs.h */
| #define PACKAGE_NAME "GPShell"
| #define PACKAGE_TARNAME "gpshell"
| #define PACKAGE_VERSION "1.4.4"
| #define PACKAGE_STRING "GPShell 1.4.4"
| #define PACKAGE_BUGREPORT "Karsten Ohme <k_o_@users.sourceforge.net> or snitmo@gmail.com"
| #define PACKAGE_URL ""
| #define PACKAGE "gpshell"
| #define VERSION "1.4.4"
| /* end confdefs.h.  */
| #include <ac_nonexistent.h>
configure:3898: checking whether gcc and cc understand -c and -o together
configure:3929: gcc -c conftest.c -o conftest2.o >&5
configure:3933: $? = 0
configure:3939: gcc -c conftest.c -o conftest2.o >&5
configure:3943: $? = 0
configure:3954: cc -c conftest.c >&5
configure:3958: $? = 0
configure:3966: cc -c conftest.c -o conftest2.o >&5
configure:3970: $? = 0
configure:3976: cc -c conftest.c -o conftest2.o >&5
configure:3980: $? = 0
configure:3998: result: yes
configure:4027: checking for grep that handles long lines and -e
configure:4085: result: /bin/grep
configure:4090: checking for egrep
configure:4152: result: /bin/grep -E
configure:4157: checking for ANSI C header files
configure:4177: gcc -c -g -O2  conftest.c >&5
configure:4177: $? = 0
configure:4250: gcc -o conftest -g -O2   conftest.c  >&5
configure:4250: $? = 0
configure:4250: ./conftest
configure:4250: $? = 0
configure:4261: result: yes
configure:4269: checking whether stat file-mode macros are broken
configure:4296: gcc -c -g -O2  conftest.c >&5
configure:4296: $? = 0
configure:4303: result: no
configure:4311: checking for stdio.h
configure:4311: gcc -c -g -O2  conftest.c >&5
conftest.c:12:13: error: expected '=', ',', ';', 'asm' or '__attribute__' before numeric constant
 as_fn_error 0 stdio.h
             ^
In file included from /usr/include/stdio.h:74:0,
                 from conftest.c:13:
/usr/include/libio.h:302:3: error: unknown type name 'size_t'
   size_t __pad5;
   ^
/usr/include/libio.h:305:67: error: 'size_t' undeclared here (not in a function)
   char _unused2[15 * sizeof (int) - 4 * sizeof (void *) - sizeof (size_t)];
                                                                   ^
/usr/include/libio.h:333:62: error: expected declaration specifiers or '...' before 'size_t'
 typedef __ssize_t __io_read_fn (void *__cookie, char *__buf, size_t __nbytes);
                                                              ^
/usr/include/libio.h:342:6: error: expected declaration specifiers or '...' before 'size_t'
      size_t __n);
      ^
/usr/include/libio.h:464:19: error: expected '=', ',', ';', 'asm' or '__attribute__' before '_IO_sgetn'
 extern _IO_size_t _IO_sgetn (_IO_FILE *, void *, _IO_size_t);
                   ^
In file included from conftest.c:13:0:
/usr/include/stdio.h:319:35: error: expected declaration specifiers or '...' before 'size_t'
 extern FILE *fmemopen (void *__s, size_t __len, const char *__modes)
                                   ^
/usr/include/stdio.h:325:47: error: expected declaration specifiers or '...' before 'size_t'
 extern FILE *open_memstream (char **__bufloc, size_t *__sizeloc) __THROW __wur;
                                               ^
/usr/include/stdio.h:337:20: error: expected declaration specifiers or '...' before 'size_t'
       int __modes, size_t __n) __THROW;
                    ^
/usr/include/stdio.h:344:10: error: expected declaration specifiers or '...' before 'size_t'
          size_t __size) __THROW;
          ^
/usr/include/stdio.h:386:44: error: expected declaration specifiers or '...' before 'size_t'
 extern int snprintf (char *__restrict __s, size_t __maxlen,
                                            ^
/usr/include/stdio.h:390:45: error: expected declaration specifiers or '...' before 'size_t'
 extern int vsnprintf (char *__restrict __s, size_t __maxlen,
                                             ^
/usr/include/stdio.h:666:11: error: expected declaration specifiers or '...' before 'size_t'
           size_t *__restrict __n, int __delimiter,
           ^
/usr/include/stdio.h:669:9: error: expected declaration specifiers or '...' before 'size_t'
         size_t *__restrict __n, int __delimiter,
         ^
/usr/include/stdio.h:679:8: error: expected declaration specifiers or '...' before 'size_t'
        size_t *__restrict __n,
        ^
/usr/include/stdio.h:709:15: error: expected '=', ',', ';', 'asm' or '__attribute__' before 'fread'
 extern size_t fread (void *__restrict __ptr, size_t __size,
               ^
/usr/include/stdio.h:715:15: error: expected '=', ',', ';', 'asm' or '__attribute__' before 'fwrite'
 extern size_t fwrite (const void *__restrict __ptr, size_t __size,
               ^
/usr/include/stdio.h:737:15: error: expected '=', ',', ';', 'asm' or '__attribute__' before 'fread_unlocked'
 extern size_t fread_unlocked (void *__restrict __ptr, size_t __size,
               ^
/usr/include/stdio.h:739:15: error: expected '=', ',', ';', 'asm' or '__attribute__' before 'fwrite_unlocked'
 extern size_t fwrite_unlocked (const void *__restrict __ptr, size_t __size,
               ^
In file included from /usr/include/stdio.h:936:0,
                 from conftest.c:13:
/usr/include/x86_64-linux-gnu/bits/stdio2.h:23:61: error: expected declaration specifiers or '...' before 'size_t'
 extern int __sprintf_chk (char *__restrict __s, int __flag, size_t __slen,
                                                             ^
/usr/include/x86_64-linux-gnu/bits/stdio2.h:25:62: error: expected declaration specifiers or '...' before 'size_t'
 extern int __vsprintf_chk (char *__restrict __s, int __flag, size_t __slen,
                                                              ^
/usr/include/x86_64-linux-gnu/bits/stdio2.h:52:50: error: expected declaration specifiers or '...' before 'size_t'
 extern int __snprintf_chk (char *__restrict __s, size_t __n, int __flag,
                                                  ^
/usr/include/x86_64-linux-gnu/bits/stdio2.h:53:7: error: expected declaration specifiers or '...' before 'size_t'
       size_t __slen, const char *__restrict __format,
       ^
/usr/include/x86_64-linux-gnu/bits/stdio2.h:55:51: error: expected declaration specifiers or '...' before 'size_t'
 extern int __vsnprintf_chk (char *__restrict __s, size_t __n, int __flag,
                                                   ^
/usr/include/x86_64-linux-gnu/bits/stdio2.h:56:8: error: expected declaration specifiers or '...' before 'size_t'
        size_t __slen, const char *__restrict __format,
        ^
In file included from /usr/include/features.h:367:0,
                 from /usr/include/stdio.h:27,
                 from conftest.c:13:
/usr/include/x86_64-linux-gnu/bits/stdio2.h:61:1: error: expected declaration specifiers or '...' before 'size_t'
 __NTH (snprintf (char *__restrict __s, size_t __n,
 ^
/usr/include/x86_64-linux-gnu/bits/stdio2.h:74:1: error: expected declaration specifiers or '...' before 'size_t'
 __NTH (vsnprintf (char *__restrict __s, size_t __n,
 ^
In file included from /usr/include/stdio.h:936:0,
                 from conftest.c:13:
/usr/include/x86_64-linux-gnu/bits/stdio2.h:241:49: error: expected declaration specifiers or '...' before 'size_t'
 extern char *__fgets_chk (char *__restrict __s, size_t __size, int __n,
                                                 ^
In file included from /usr/include/features.h:367:0,
                 from /usr/include/stdio.h:27,
                 from conftest.c:13:
/usr/include/x86_64-linux-gnu/bits/stdio2.h:246:14: error: expected declaration specifiers or '...' before 'size_t'
 extern char *__REDIRECT (__fgets_chk_warn,
              ^
In file included from /usr/include/stdio.h:936:0,
                 from conftest.c:13:
/usr/include/x86_64-linux-gnu/bits/stdio2.h: In function 'fgets':
/usr/include/x86_64-linux-gnu/bits/stdio2.h:260:20: error: expected ')' before '__n'
       if ((size_t) __n > __bos (__s))
                    ^
/usr/include/x86_64-linux-gnu/bits/stdio2.h: At top level:
/usr/include/x86_64-linux-gnu/bits/stdio2.h:266:15: error: expected '=', ',', ';', 'asm' or '__attribute__' before '__fread_chk'
 extern size_t __fread_chk (void *__restrict __ptr, size_t __ptrlen,
               ^
In file included from /usr/include/features.h:367:0,
                 from /usr/include/stdio.h:27,
                 from conftest.c:13:
/usr/include/x86_64-linux-gnu/bits/stdio2.h:269:15: error: expected '=', ',', ';', 'asm' or '__attribute__' before '__fread_alias'
 extern size_t __REDIRECT (__fread_alias,
               ^
/usr/include/x86_64-linux-gnu/bits/stdio2.h:273:15: error: expected '=', ',', ';', 'asm' or '__attribute__' before '__fread_chk_warn'
 extern size_t __REDIRECT (__fread_chk_warn,
               ^
In file included from /usr/include/stdio.h:936:0,
                 from conftest.c:13:
/usr/include/x86_64-linux-gnu/bits/stdio2.h:282:1: error: expected '=', ',', ';', 'asm' or '__attribute__' before 'fread'
 fread (void *__restrict __ptr, size_t __size, size_t __n,
 ^
/usr/include/x86_64-linux-gnu/bits/stdio2.h:327:15: error: expected '=', ',', ';', 'asm' or '__attribute__' before '__fread_unlocked_chk'
 extern size_t __fread_unlocked_chk (void *__restrict __ptr, size_t __ptrlen,
               ^
In file included from /usr/include/features.h:367:0,
                 from /usr/include/stdio.h:27,
                 from conftest.c:13:
/usr/include/x86_64-linux-gnu/bits/stdio2.h:330:15: error: expected '=', ',', ';', 'asm' or '__attribute__' before '__fread_unlocked_alias'
 extern size_t __REDIRECT (__fread_unlocked_alias,
               ^
/usr/include/x86_64-linux-gnu/bits/stdio2.h:334:15: error: expected '=', ',', ';', 'asm' or '__attribute__' before '__fread_unlocked_chk_warn'
 extern size_t __REDIRECT (__fread_unlocked_chk_warn,
               ^
In file included from /usr/include/stdio.h:936:0,
                 from conftest.c:13:
/usr/include/x86_64-linux-gnu/bits/stdio2.h:343:1: error: expected '=', ',', ';', 'asm' or '__attribute__' before 'fread_unlocked'
 fread_unlocked (void *__restrict __ptr, size_t __size, size_t __n,
 ^
configure:4311: $? = 1
configure: failed program was:
| /* confdefs.h */
| #define PACKAGE_NAME "GPShell"
| #define PACKAGE_TARNAME "gpshell"
| #define PACKAGE_VERSION "1.4.4"
| #define PACKAGE_STRING "GPShell 1.4.4"
| #define PACKAGE_BUGREPORT "Karsten Ohme <k_o_@users.sourceforge.net> or snitmo@gmail.com"
| #define PACKAGE_URL ""
| #define PACKAGE "gpshell"
| #define VERSION "1.4.4"
| #define STDC_HEADERS 1
| /* end confdefs.h.  */
| as_fn_error 0 stdio.h
| #include <stdio.h>
configure:4311: result: no
configure:4318: checking for fcntl.h
configure:4318: gcc -c -g -O2  conftest.c >&5
conftest.c:12:13: error: expected '=', ',', ';', 'asm' or '__attribute__' before numeric constant
 as_fn_error 0 fcntl.h
             ^
configure:4318: $? = 1
configure: failed program was:
| /* confdefs.h */
| #define PACKAGE_NAME "GPShell"
| #define PACKAGE_TARNAME "gpshell"
| #define PACKAGE_VERSION "1.4.4"
| #define PACKAGE_STRING "GPShell 1.4.4"
| #define PACKAGE_BUGREPORT "Karsten Ohme <k_o_@users.sourceforge.net> or snitmo@gmail.com"
| #define PACKAGE_URL ""
| #define PACKAGE "gpshell"
| #define VERSION "1.4.4"
| #define STDC_HEADERS 1
| /* end confdefs.h.  */
| as_fn_error 0 fcntl.h
| #include <fcntl.h>
configure:4318: result: no
configure:4325: checking for io.h
configure:4325: gcc -c -g -O2  conftest.c >&5
conftest.c:12:13: error: expected '=', ',', ';', 'asm' or '__attribute__' before numeric constant
 as_fn_error 0 io.h
             ^
conftest.c:13:16: fatal error: io.h: No such file or directory
compilation terminated.
configure:4325: $? = 1
configure: failed program was:
| /* confdefs.h */
| #define PACKAGE_NAME "GPShell"
| #define PACKAGE_TARNAME "gpshell"
| #define PACKAGE_VERSION "1.4.4"
| #define PACKAGE_STRING "GPShell 1.4.4"
| #define PACKAGE_BUGREPORT "Karsten Ohme <k_o_@users.sourceforge.net> or snitmo@gmail.com"
| #define PACKAGE_URL ""
| #define PACKAGE "gpshell"
| #define VERSION "1.4.4"
| #define STDC_HEADERS 1
| /* end confdefs.h.  */
| as_fn_error 0 io.h
| #include <io.h>
configure:4325: result: no
configure:4339: checking for sys/types.h
configure:4339: gcc -c -g -O2  conftest.c >&5
configure:4339: $? = 0
configure:4339: result: yes
configure:4339: checking for sys/stat.h
configure:4339: gcc -c -g -O2  conftest.c >&5
configure:4339: $? = 0
configure:4339: result: yes
configure:4339: checking for stdlib.h
configure:4339: gcc -c -g -O2  conftest.c >&5
configure:4339: $? = 0
configure:4339: result: yes
configure:4339: checking for string.h
configure:4339: gcc -c -g -O2  conftest.c >&5
configure:4339: $? = 0
configure:4339: result: yes
configure:4339: checking for memory.h
configure:4339: gcc -c -g -O2  conftest.c >&5
configure:4339: $? = 0
configure:4339: result: yes
configure:4339: checking for strings.h
configure:4339: gcc -c -g -O2  conftest.c >&5
configure:4339: $? = 0
configure:4339: result: yes
configure:4339: checking for inttypes.h
configure:4339: gcc -c -g -O2  conftest.c >&5
configure:4339: $? = 0
configure:4339: result: yes
configure:4339: checking for stdint.h
configure:4339: gcc -c -g -O2  conftest.c >&5
configure:4339: $? = 0
configure:4339: result: yes
configure:4339: checking for unistd.h
configure:4339: gcc -c -g -O2  conftest.c >&5
configure:4339: $? = 0
configure:4339: result: yes
configure:4351: checking whether lstat correctly handles trailing slash
configure:4377: gcc -o conftest -g -O2   conftest.c  >&5
configure:4377: $? = 0
configure:4377: ./conftest
configure:4377: $? = 0
configure:4394: result: yes
configure:4413: checking whether stat accepts an empty string
configure:4433: gcc -o conftest -g -O2   conftest.c  >&5
configure:4433: $? = 0
configure:4433: ./conftest
configure:4433: $? = 0
configure:4443: result: no
configure:4461: checking for stdlib.h
configure:4461: result: yes
configure:4471: checking for GNU libc compatible malloc
configure:4495: gcc -o conftest -g -O2   conftest.c  >&5
configure:4495: $? = 0
configure:4495: ./conftest
configure:4495: $? = 0
configure:4505: result: yes
configure:4529: checking for atoi
configure:4529: gcc -o conftest -g -O2   conftest.c  >&5
configure:4529: $? = 0
configure:4529: result: yes
configure:4529: checking for fgets
configure:4529: gcc -o conftest -g -O2   conftest.c  >&5
configure:4529: $? = 0
configure:4529: result: yes
configure:4541: checking CFLAGS for maximum warnings
configure:4568: gcc -c -g -O2 -pedantic  -Wall  conftest.c >&5
configure:4568: $? = 0
configure:4582: result: -Wall
configure:4595: : CFLAGS="$CFLAGS $ac_cv_cflags_warn_all"
configure:4598: $? = 0
configure:4672: checking for pkg-config
configure:4690: found /usr/bin/pkg-config
configure:4702: result: /usr/bin/pkg-config
configure:4727: checking pkg-config is at least version 0.9.0
configure:4730: result: yes
configure:4741: checking for PCSCLITE
configure:4749: $PKG_CONFIG --exists --print-errors "libpcsclite >= 1.2.9-beta7"
configure:4752: $? = 0
configure:4767: $PKG_CONFIG --exists --print-errors "libpcsclite >= 1.2.9-beta7"
configure:4770: $? = 0
configure:4820: result: yes
configure:4843: checking winscard.h usability
configure:4843: gcc -c -g -O2 -Wall -pthread -I/usr/include/PCSC  conftest.c >&5
configure:4843: $? = 0
configure:4843: result: yes
configure:4843: checking winscard.h presence
configure:4843: gcc -E  conftest.c
conftest.c:26:22: fatal error: winscard.h: No such file or directory
compilation terminated.
configure:4843: $? = 1
configure: failed program was:
| /* confdefs.h */
| #define PACKAGE_NAME "GPShell"
| #define PACKAGE_TARNAME "gpshell"
| #define PACKAGE_VERSION "1.4.4"
| #define PACKAGE_STRING "GPShell 1.4.4"
| #define PACKAGE_BUGREPORT "Karsten Ohme <k_o_@users.sourceforge.net> or snitmo@gmail.com"
| #define PACKAGE_URL ""
| #define PACKAGE "gpshell"
| #define VERSION "1.4.4"
| #define STDC_HEADERS 1
| #define HAVE_SYS_TYPES_H 1
| #define HAVE_SYS_STAT_H 1
| #define HAVE_STDLIB_H 1
| #define HAVE_STRING_H 1
| #define HAVE_MEMORY_H 1
| #define HAVE_STRINGS_H 1
| #define HAVE_INTTYPES_H 1
| #define HAVE_STDINT_H 1
| #define HAVE_UNISTD_H 1
| #define LSTAT_FOLLOWS_SLASHED_SYMLINK 1
| #define HAVE_STDLIB_H 1
| #define HAVE_MALLOC 1
| #define HAVE_ATOI 1
| #define HAVE_FGETS 1
| /* end confdefs.h.  */
| #include <winscard.h>
configure:4843: result: no
configure:4843: WARNING: winscard.h: accepted by the compiler, rejected by the preprocessor!
configure:4843: WARNING: winscard.h: proceeding with the compiler's result
configure:4843: checking for winscard.h
configure:4843: result: yes
configure:4903: checking for GLOBALPLATFORM
configure:4911: $PKG_CONFIG --exists --print-errors "globalplatform >= 6.0.0"
configure:4914: $? = 0
configure:4929: $PKG_CONFIG --exists --print-errors "globalplatform >= 6.0.0"
configure:4932: $? = 0
configure:4974: result: yes
configure:4995: checking globalplatform.h usability
configure:4995: gcc -c -g -O2 -Wall -pthread -I/usr/local/include/globalplatform -I/usr/include/PCSC -pthread -I/usr/include/PCSC  conftest.c >&5
configure:4995: $? = 0
configure:4995: result: yes
configure:4995: checking globalplatform.h presence
configure:4995: gcc -E  conftest.c
conftest.c:26:28: fatal error: globalplatform.h: No such file or directory
compilation terminated.
configure:4995: $? = 1
configure: failed program was:
| /* confdefs.h */
| #define PACKAGE_NAME "GPShell"
| #define PACKAGE_TARNAME "gpshell"
| #define PACKAGE_VERSION "1.4.4"
| #define PACKAGE_STRING "GPShell 1.4.4"
| #define PACKAGE_BUGREPORT "Karsten Ohme <k_o_@users.sourceforge.net> or snitmo@gmail.com"
| #define PACKAGE_URL ""
| #define PACKAGE "gpshell"
| #define VERSION "1.4.4"
| #define STDC_HEADERS 1
| #define HAVE_SYS_TYPES_H 1
| #define HAVE_SYS_STAT_H 1
| #define HAVE_STDLIB_H 1
| #define HAVE_STRING_H 1
| #define HAVE_MEMORY_H 1
| #define HAVE_STRINGS_H 1
| #define HAVE_INTTYPES_H 1
| #define HAVE_STDINT_H 1
| #define HAVE_UNISTD_H 1
| #define LSTAT_FOLLOWS_SLASHED_SYMLINK 1
| #define HAVE_STDLIB_H 1
| #define HAVE_MALLOC 1
| #define HAVE_ATOI 1
| #define HAVE_FGETS 1
| /* end confdefs.h.  */
| #include <globalplatform.h>
configure:4995: result: no
configure:4995: WARNING: globalplatform.h: accepted by the compiler, rejected by the preprocessor!
configure:4995: WARNING: globalplatform.h: proceeding with the compiler's result
configure:4995: checking for globalplatform.h
configure:4995: result: yes
configure:5015: checking for OPGP_VISA2_derive_keys in -lglobalplatform
configure:5040: gcc -o conftest -g -O2 -Wall   -L/usr/local/lib -lglobalplatform -lpcsclite conftest.c -lglobalplatform   >&5
configure:5040: $? = 0
configure:5049: result: yes
configure:5070: result: Debug output enabled                  : false
configure:5241: creating ./config.status

## ---------------- ##
## Cache variables. ##
## ---------------- ##

ac_cv_build=x86_64-unknown-linux-gnu
ac_cv_c_compiler_gnu=yes
ac_cv_cflags_warn_all=-Wall
ac_cv_env_CC_set=
ac_cv_env_CC_value=
ac_cv_env_CFLAGS_set=
ac_cv_env_CFLAGS_value=
ac_cv_env_CPPFLAGS_set=
ac_cv_env_CPPFLAGS_value=
ac_cv_env_CPP_set=
ac_cv_env_CPP_value=
ac_cv_env_GLOBALPLATFORM_CFLAGS_set=
ac_cv_env_GLOBALPLATFORM_CFLAGS_value=
ac_cv_env_GLOBALPLATFORM_H_PATH_set=
ac_cv_env_GLOBALPLATFORM_H_PATH_value=
ac_cv_env_GLOBALPLATFORM_LIBS_set=
ac_cv_env_GLOBALPLATFORM_LIBS_value=
ac_cv_env_GLOBALPLATFORM_LIB_PATH_set=
ac_cv_env_GLOBALPLATFORM_LIB_PATH_value=
ac_cv_env_LDFLAGS_set=
ac_cv_env_LDFLAGS_value=
ac_cv_env_LIBS_set=
ac_cv_env_LIBS_value=
ac_cv_env_PCSCLITE_CFLAGS_set=
ac_cv_env_PCSCLITE_CFLAGS_value=
ac_cv_env_PCSCLITE_H_PATH_set=
ac_cv_env_PCSCLITE_H_PATH_value=
ac_cv_env_PCSCLITE_LIBS_set=
ac_cv_env_PCSCLITE_LIBS_value=
ac_cv_env_PKG_CONFIG_set=
ac_cv_env_PKG_CONFIG_value=
ac_cv_env_WINSCARD_LIB_PATH_set=
ac_cv_env_WINSCARD_LIB_PATH_value=
ac_cv_env_build_alias_set=
ac_cv_env_build_alias_value=
ac_cv_env_host_alias_set=
ac_cv_env_host_alias_value=
ac_cv_env_target_alias_set=
ac_cv_env_target_alias_value=
ac_cv_func_atoi=yes
ac_cv_func_fgets=yes
ac_cv_func_lstat_dereferences_slashed_symlink=yes
ac_cv_func_malloc_0_nonnull=yes
ac_cv_func_stat_empty_string_bug=no
ac_cv_header_fcntl_h=no
ac_cv_header_globalplatform_h=yes
ac_cv_header_inttypes_h=yes
ac_cv_header_io_h=no
ac_cv_header_memory_h=yes
ac_cv_header_stat_broken=no
ac_cv_header_stdc=yes
ac_cv_header_stdint_h=yes
ac_cv_header_stdio_h=no
ac_cv_header_stdlib_h=yes
ac_cv_header_string_h=yes
ac_cv_header_strings_h=yes
ac_cv_header_sys_stat_h=yes
ac_cv_header_sys_types_h=yes
ac_cv_header_unistd_h=yes
ac_cv_header_winscard_h=yes
ac_cv_host=x86_64-unknown-linux-gnu
ac_cv_lib_globalplatform_OPGP_VISA2_derive_keys=yes
ac_cv_objext=o
ac_cv_path_EGREP='/bin/grep -E'
ac_cv_path_GREP=/bin/grep
ac_cv_path_ac_pt_PKG_CONFIG=/usr/bin/pkg-config
ac_cv_path_install='/usr/bin/install -c'
ac_cv_path_mkdir=/bin/mkdir
ac_cv_prog_AWK=gawk
ac_cv_prog_CPP='gcc -E'
ac_cv_prog_ac_ct_CC=gcc
ac_cv_prog_cc_c89=
ac_cv_prog_cc_g=yes
ac_cv_prog_cc_gcc_c_o=yes
ac_cv_prog_make_make_set=yes
am_cv_CC_dependencies_compiler_type=gcc3
pkg_cv_GLOBALPLATFORM_CFLAGS='-pthread -I/usr/local/include/globalplatform -I/usr/include/PCSC'
pkg_cv_GLOBALPLATFORM_LIBS='-L/usr/local/lib -lglobalplatform -lpcsclite'
pkg_cv_PCSCLITE_CFLAGS='-pthread -I/usr/include/PCSC'
pkg_cv_PCSCLITE_LIBS=-lpcsclite

## ----------------- ##
## Output variables. ##
## ----------------- ##

ACLOCAL='${SHELL} /home/nversbra/SIC/gpshell-1.4.4/myaux/missing --run aclocal-1.11'
AMDEPBACKSLASH='\'
AMDEP_FALSE='#'
AMDEP_TRUE=''
AMTAR='${SHELL} /home/nversbra/SIC/gpshell-1.4.4/myaux/missing --run tar'
AUTOCONF='${SHELL} /home/nversbra/SIC/gpshell-1.4.4/myaux/missing --run autoconf'
AUTOHEADER='${SHELL} /home/nversbra/SIC/gpshell-1.4.4/myaux/missing --run autoheader'
AUTOMAKE='${SHELL} /home/nversbra/SIC/gpshell-1.4.4/myaux/missing --run automake-1.11'
AWK='gawk'
CC='gcc'
CCDEPMODE='depmode=gcc3'
CFLAGS='-g -O2 -Wall'
CPP='gcc -E'
CPPFLAGS=''
CYGPATH_W='echo'
DEFS='-DPACKAGE_NAME=\"GPShell\" -DPACKAGE_TARNAME=\"gpshell\" -DPACKAGE_VERSION=\"1.4.4\" -DPACKAGE_STRING=\"GPShell\ 1.4.4\" -DPACKAGE_BUGREPORT=\"Karsten\ Ohme\ \<k_o_@users.sourceforge.net\>\ or\ snitmo@gmail.com\" -DPACKAGE_URL=\"\" -DPACKAGE=\"gpshell\" -DVERSION=\"1.4.4\" -DSTDC_HEADERS=1 -DHAVE_SYS_TYPES_H=1 -DHAVE_SYS_STAT_H=1 -DHAVE_STDLIB_H=1 -DHAVE_STRING_H=1 -DHAVE_MEMORY_H=1 -DHAVE_STRINGS_H=1 -DHAVE_INTTYPES_H=1 -DHAVE_STDINT_H=1 -DHAVE_UNISTD_H=1 -DLSTAT_FOLLOWS_SLASHED_SYMLINK=1 -DHAVE_STDLIB_H=1 -DHAVE_MALLOC=1 -DHAVE_ATOI=1 -DHAVE_FGETS=1 -DHAVE_LIBGLOBALPLATFORM=1'
DEPDIR='.deps'
ECHO_C=''
ECHO_N='-n'
ECHO_T=''
EGREP='/bin/grep -E'
EXEEXT=''
GLOBALPLATFORM_CFLAGS='-pthread -I/usr/local/include/globalplatform -I/usr/include/PCSC'
GLOBALPLATFORM_H_PATH=''
GLOBALPLATFORM_LIBS='-L/usr/local/lib -lglobalplatform -lpcsclite'
GLOBALPLATFORM_LIB_PATH=''
GREP='/bin/grep'
INSTALL_DATA='${INSTALL} -m 644'
INSTALL_PROGRAM='${INSTALL}'
INSTALL_SCRIPT='${INSTALL}'
INSTALL_STRIP_PROGRAM='$(install_sh) -c -s'
LDFLAGS=''
LIBOBJS=''
LIBS='-lglobalplatform '
LTLIBOBJS=''
MAKEINFO='${SHELL} /home/nversbra/SIC/gpshell-1.4.4/myaux/missing --run makeinfo'
MKDIR_P='/bin/mkdir -p'
OBJEXT='o'
PACKAGE='gpshell'
PACKAGE_BUGREPORT='Karsten Ohme <k_o_@users.sourceforge.net> or snitmo@gmail.com'
PACKAGE_NAME='GPShell'
PACKAGE_STRING='GPShell 1.4.4'
PACKAGE_TARNAME='gpshell'
PACKAGE_URL=''
PACKAGE_VERSION='1.4.4'
PATH_SEPARATOR=':'
PCSCLITE_CFLAGS='-pthread -I/usr/include/PCSC'
PCSCLITE_H_PATH=''
PCSCLITE_LIBS='-lpcsclite'
PKG_CONFIG='/usr/bin/pkg-config'
SET_MAKE=''
SHELL='/bin/bash'
STRIP=''
VERSION='1.4.4'
WINSCARD_LIB_PATH=''
ac_ct_CC='gcc'
am__EXEEXT_FALSE=''
am__EXEEXT_TRUE='#'
am__fastdepCC_FALSE='#'
am__fastdepCC_TRUE=''
am__include='include'
am__isrc=''
am__leading_dot='.'
am__quote=''
am__tar='${AMTAR} chof - "$$tardir"'
am__untar='${AMTAR} xf -'
bindir='${exec_prefix}/bin'
build='x86_64-unknown-linux-gnu'
build_alias=''
build_cpu='x86_64'
build_os='linux-gnu'
build_vendor='unknown'
datadir='${datarootdir}'
datarootdir='${prefix}/share'
docdir='${datarootdir}/doc/${PACKAGE_TARNAME}'
dvidir='${docdir}'
exec_prefix='${prefix}'
host='x86_64-unknown-linux-gnu'
host_alias=''
host_cpu='x86_64'
host_os='linux-gnu'
host_vendor='unknown'
htmldir='${docdir}'
includedir='${prefix}/include'
infodir='${datarootdir}/info'
install_sh='${SHELL} /home/nversbra/SIC/gpshell-1.4.4/myaux/install-sh'
libdir='${exec_prefix}/lib'
libexecdir='${exec_prefix}/libexec'
localedir='${datarootdir}/locale'
localstatedir='${prefix}/var'
mandir='${datarootdir}/man'
mkdir_p='/bin/mkdir -p'
oldincludedir='/usr/include'
pdfdir='${docdir}'
prefix='/usr/local'
program_transform_name='s,x,x,'
psdir='${docdir}'
runstatedir='${localstatedir}/run'
sbindir='${exec_prefix}/sbin'
sharedstatedir='${prefix}/com'
sysconfdir='${prefix}/etc'
target_alias=''

## ----------- ##
## confdefs.h. ##
## ----------- ##

/* confdefs.h */
#define PACKAGE_NAME "GPShell"
#define PACKAGE_TARNAME "gpshell"
#define PACKAGE_VERSION "1.4.4"
#define PACKAGE_STRING "GPShell 1.4.4"
#define PACKAGE_BUGREPORT "Karsten Ohme <k_o_@users.sourceforge.net> or snitmo@gmail.com"
#define PACKAGE_URL ""
#define PACKAGE "gpshell"
#define VERSION "1.4.4"
#define STDC_HEADERS 1
#define HAVE_SYS_TYPES_H 1
#define HAVE_SYS_STAT_H 1
#define HAVE_STDLIB_H 1
#define HAVE_STRING_H 1
#define HAVE_MEMORY_H 1
#define HAVE_STRINGS_H 1
#define HAVE_INTTYPES_H 1
#define HAVE_STDINT_H 1
#define HAVE_UNISTD_H 1
#define LSTAT_FOLLOWS_SLASHED_SYMLINK 1
#define HAVE_STDLIB_H 1
#define HAVE_MALLOC 1
#define HAVE_ATOI 1
#define HAVE_FGETS 1
#define HAVE_LIBGLOBALPLATFORM 1

configure: exit 0

## ---------------------- ##
## Running config.status. ##
## ---------------------- ##

This file was extended by GPShell config.status 1.4.4, which was
generated by GNU Autoconf 2.69.  Invocation command line was

  CONFIG_FILES    = 
  CONFIG_HEADERS  = 
  CONFIG_LINKS    = 
  CONFIG_COMMANDS = 
  $ ./config.status 

on Nassim-ubuntu

config.status:791: creating Makefile
config.status:791: creating src/Makefile
config.status:963: executing depfiles commands
